[s6-init] making user provided files available at /var/run/s6/etc...exited 0.
[s6-init] ensuring user provided files have correct perms...exited 0.
[fix-attrs.d] applying ownership & permissions fixes...
[fix-attrs.d] done.
[cont-init.d] executing container initialization scripts...
[cont-init.d] 01-set-timezone: executing... 
[cont-init.d] 01-set-timezone: exited 0.
[cont-init.d] 10-config: executing... 
[cont-init.d] 10-config: exited 0.
[cont-init.d] done.
[services.d] starting services
[services.d] done.
Jicofo 2024-06-26 21:10:02.951 INFO: [1] Main.main#47: Starting Jicofo.
Jicofo 2024-06-26 21:10:03.321 INFO: [1] JitsiConfig.<clinit>#47: Initialized newConfig: merge of /config/jicofo.conf: 1,system properties,reference.conf @ jar:file:/usr/share/jicofo/lib/jicofo-selector-1.0-1081.jar!/reference.conf: 1
Jicofo 2024-06-26 21:10:03.328 INFO: [1] ReadOnlyConfigurationService.reloadConfiguration#40: net.java.sip.communicator.SC_HOME_DIR_LOCATION not set
Jicofo 2024-06-26 21:10:03.331 INFO: [1] JitsiConfig.<clinit>#68: Initialized legacyConfig: sip communicator props (no description provided)
Jicofo 2024-06-26 21:10:03.351 INFO: [1] JitsiConfig$Companion.reloadNewConfig#94: Reloading the Typesafe config source (previously reloaded 0 times).
Jicofo 2024-06-26 21:10:03.661 INFO: [1] Smack.initialize#30: Setting XML parsing limits.
Jicofo 2024-06-26 21:10:03.669 INFO: [1] Smack.initialize#42: Using JitsiXmppStringprep.
Jicofo 2024-06-26 21:10:03.956 INFO: [1] MetricsUpdater.addUpdateTask#45: Scheduling metrics update task with interval PT30S.
Jicofo 2024-06-26 21:10:03.999 INFO: [1] JicofoServices.createAuthenticationAuthority#209: Authentication service disabled.
Jicofo 2024-06-26 21:10:04.087 WARNING: [1] [xmpp_connection=client] XmppProviderKt.createXmppConnection#317: Disabling TLS certificate verification!
Jicofo 2024-06-26 21:10:04.195 INFO: [1] XmppServices.<init>#45: No dedicated Service XMPP connection configured, re-using the client XMPP connection.
Jicofo 2024-06-26 21:10:04.207 INFO: [1] XmppServices.<init>#75: No Jigasi detector configured.
Jicofo 2024-06-26 21:10:04.209 INFO: [1] AvModerationHandler.componentsChanged#112: No av_moderation component discovered.
Jicofo 2024-06-26 21:10:04.211 INFO: [1] RoomMetadataHandler.componentsChanged#96: No room_metadata component discovered.
Jicofo 2024-06-26 21:10:04.212 INFO: [1] [connection=client] VisitorsManager.updateAddress#57: VisitorsComponentManager is now disabled with address null
Jicofo 2024-06-26 21:10:04.215 INFO: [1] ConferenceIqHandler.componentsChanged#208: No breakout room component discovered.
Jicofo 2024-06-26 21:10:04.233 INFO: [1] BridgeSelector.<init>#57: Using org.jitsi.jicofo.bridge.SingleBridgeSelectionStrategy
Jicofo 2024-06-26 21:10:04.242 INFO: [1] [type=bridge brewery=jvbbrewery] BaseBrewery.<init>#101: Initialized with JID=jvbbrewery@internal-muc.meet.jitsi
Jicofo 2024-06-26 21:10:04.243 INFO: [1] JicofoServices.<init>#111: No Jibri detector configured.
Jicofo 2024-06-26 21:10:04.243 INFO: [1] JicofoServices.<init>#117: No SIP Jibri detector configured.
Jicofo 2024-06-26 21:10:04.291 INFO: [1] JicofoServices.<init>#146: Starting HTTP server with config: host=null, port=8888, tlsPort=8843, isTls=false, keyStorePath=null, sendServerVersion=false, [TLSv1.2, TLSv1.3]=[TLSv1.2, TLSv1.3], tlsCipherSuites=[TLS_ECDHE_ECDSA_WITH_AES_256_GCM_SHA384, TLS_ECDHE_RSA_WITH_AES_256_GCM_SHA384, TLS_ECDHE_ECDSA_WITH_AES_128_GCM_SHA256, TLS_ECDHE_RSA_WITH_AES_128_GCM_SHA256, TLS_ECDHE_ECDSA_WITH_CHACHA20_POLY1305_SHA256, TLS_ECDHE_RSA_WITH_CHACHA20_POLY1305_SHA256, TLS_DHE_RSA_WITH_AES_256_GCM_SHA384, TLS_DHE_RSA_WITH_AES_128_GCM_SHA256].
Jicofo 2024-06-26 21:10:04.484 INFO: [15] [xmpp_connection=client] XmppProvider.doConnect#168: Connected, JID=null
Jicofo 2024-06-26 21:10:04.689 INFO: [1] org.eclipse.jetty.server.Server.doStart: jetty-11.0.20; built: 2024-01-29T21:04:22.394Z; git: 922f8dc188f7011e60d0361de585fd4ac4d63064; jvm 17.0.11+9-Debian-1deb12u1
Jicofo 2024-06-26 21:10:04.762 INFO: [15] [xmpp_connection=client] XmppProvider.fireRegistrationStateChanged#218: Set replyTimeout=PT15S
Jicofo 2024-06-26 21:10:04.762 INFO: [15] [xmpp_connection=client] XmppProvider$connectionListener$1.authenticated#98: Registered.
Jicofo 2024-06-26 21:10:04.763 INFO: [15] [xmpp_connection=client] XmppProvider$connectionListener$1.authenticated#100: Will discover components for meet.jitsi
Jicofo 2024-06-26 21:10:04.782 WARNING: [29] [xmpp_connection=client] XmppProvider.setComponents#77: Discovered components: [Component(type=conference_duration, address=conferenceduration.meet.jitsi), Component(type=end_conference, address=endconference.meet.jitsi), Component(type=speakerstats, address=speakerstats.meet.jitsi), Component(type=breakout_rooms, address=breakout.meet.jitsi), Component(type=room_metadata, address=metadata.meet.jitsi), Component(type=av_moderation, address=avmoderation.meet.jitsi), Component(type=lobbyrooms, address=lobby.meet.jitsi)]
Jicofo 2024-06-26 21:10:04.783 INFO: [24] AvModerationHandler.componentsChanged#115: Using av_moderation component at avmoderation.meet.jitsi.
Jicofo 2024-06-26 21:10:04.783 INFO: [28] RoomMetadataHandler.componentsChanged#99: Using room_metadata component at metadata.meet.jitsi.
Jicofo 2024-06-26 21:10:04.805 INFO: [32] [type=bridge brewery=jvbbrewery] BaseBrewery.start#177: Joined the room.
Jicofo 2024-06-26 21:10:04.809 INFO: [36] [connection=client] VisitorsManager.updateAddress#57: VisitorsComponentManager is now disabled with address null
Jicofo 2024-06-26 21:10:04.810 INFO: [32] ConferenceIqHandler.componentsChanged#211: Using breakout room component at breakout.meet.jitsi.
Jicofo 2024-06-26 21:10:05.052 INFO: [20] [type=bridge brewery=jvbbrewery] BaseBrewery.addInstance#347: Added brewery instance: jvbbrewery@internal-muc.meet.jitsi/c7e2f95ee80b
Jicofo 2024-06-26 21:10:05.063 INFO: [20] BridgeSelector.addJvbAddress#96: Added new videobridge: Bridge[jid=jvbbrewery@internal-muc.meet.jitsi/c7e2f95ee80b, version=2.3.109-gacf024b7, relayId=null, region=null, stress=0.00]
Jicofo 2024-06-26 21:10:05.069 INFO: [39] JvbDoctor.bridgeAdded#128: Scheduled health-check task for: Bridge[jid=jvbbrewery@internal-muc.meet.jitsi/c7e2f95ee80b, version=2.3.109-gacf024b7, relayId=null, region=null, stress=0.00]
Jicofo 2024-06-26 21:10:05.112 WARNING: [1] org.glassfish.jersey.server.wadl.WadlFeature.configure: JAXBContext implementation could not be found. WADL feature is disabled.
Jicofo 2024-06-26 21:10:05.193 WARNING: [1] org.glassfish.jersey.internal.inject.Providers.checkProviderRuntime: A provider org.jitsi.rest.Version registered in SERVER runtime does not implement any provider interfaces applicable in the SERVER runtime. Due to constraint configuration problems the provider org.jitsi.rest.Version will be ignored. 
Jicofo 2024-06-26 21:10:05.193 WARNING: [1] org.glassfish.jersey.internal.inject.Providers.checkProviderRuntime: A provider org.jitsi.rest.prometheus.Prometheus registered in SERVER runtime does not implement any provider interfaces applicable in the SERVER runtime. Due to constraint configuration problems the provider org.jitsi.rest.prometheus.Prometheus will be ignored. 
Jicofo 2024-06-26 21:10:05.193 WARNING: [1] org.glassfish.jersey.internal.inject.Providers.checkProviderRuntime: A provider org.jitsi.jicofo.rest.ConferenceRequest registered in SERVER runtime does not implement any provider interfaces applicable in the SERVER runtime. Due to constraint configuration problems the provider org.jitsi.jicofo.rest.ConferenceRequest will be ignored. 
Jicofo 2024-06-26 21:10:05.353 INFO: [1] org.eclipse.jetty.server.handler.ContextHandler.doStart: Started o.e.j.s.ServletContextHandler@3d8d17a3{/,null,AVAILABLE}
Jicofo 2024-06-26 21:10:05.357 INFO: [1] org.eclipse.jetty.server.AbstractConnector.doStart: Started ServerConnector@23202c31{HTTP/1.1, (http/1.1)}{0.0.0.0:8888}
Jicofo 2024-06-26 21:10:05.362 INFO: [1] org.eclipse.jetty.server.Server.doStart: Started Server@681e144{STARTING}[11.0.20,sto=0] @2621ms
Jicofo 2024-06-26 21:10:05.362 INFO: [1] JicofoServices.<init>#169: Registering GlobalMetrics periodic updates.
Jicofo 2024-06-26 21:13:31.200 INFO: [32] ConferenceIqHandler.handleConferenceIq#86: Conference request for room entertainingwondersrememberfundamentally@muc.meet.jitsi, from 54c934a3-b056-492b-9754-47583f869113@meet.jitsi/bkrVsGol7mrm
Jicofo 2024-06-26 21:13:31.238 INFO: [32] [room=entertainingwondersrememberfundamentally@muc.meet.jitsi] JitsiMeetConferenceImpl.<init>#308: Created new conference.
Jicofo 2024-06-26 21:13:31.238 INFO: [32] [room=entertainingwondersrememberfundamentally@muc.meet.jitsi] JitsiMeetConferenceImpl.joinTheRoom#499: Joining entertainingwondersrememberfundamentally@muc.meet.jitsi
Jicofo 2024-06-26 21:13:31.396 INFO: [42] AutoOwnerRoleManager.electNewOwner$lambda$3#101: Electing new owner: ChatMember[id=54c934a3 role=PARTICIPANT]
Jicofo 2024-06-26 21:13:31.435 INFO: [32] [xmpp_connection=client] XmppProvider.discoverFeatures#248: Discovered features for entertainingwondersrememberfundamentally@muc.meet.jitsi/54c934a3 in 39 ms.
Jicofo 2024-06-26 21:13:31.448 INFO: [32] [room=entertainingwondersrememberfundamentally@muc.meet.jitsi meeting_id=d77a2f38-96c2-4238-987d-177b27fe16e3] JitsiMeetConferenceImpl.onMemberJoined#743: Member joined:54c934a3 stats-id=Brandt-fkS region=null audioMuted=true videoMuted=true role=OWNER isJibri=false isJigasi=false isTranscriber=false, room=main
Jicofo 2024-06-26 21:14:40.596 INFO: [40] [room=entertainingwondersrememberfundamentally@muc.meet.jitsi meeting_id=d77a2f38-96c2-4238-987d-177b27fe16e3] JitsiMeetConferenceImpl.onMemberLeft#957: Member left:54c934a3
Jicofo 2024-06-26 21:14:40.598 WARNING: [40] [room=entertainingwondersrememberfundamentally@muc.meet.jitsi meeting_id=d77a2f38-96c2-4238-987d-177b27fe16e3] JitsiMeetConferenceImpl.onMemberLeft#973: Participant not found for 54c934a3. Terminated already or never started?
Jicofo 2024-06-26 21:14:40.599 INFO: [40] [room=entertainingwondersrememberfundamentally@muc.meet.jitsi meeting_id=d77a2f38-96c2-4238-987d-177b27fe16e3] JitsiMeetConferenceImpl.maybeStop#1004: Last member left, stopping.
Jicofo 2024-06-26 21:14:40.605 INFO: [40] [room=entertainingwondersrememberfundamentally@muc.meet.jitsi meeting_id=d77a2f38-96c2-4238-987d-177b27fe16e3] JitsiMeetConferenceImpl.stop#476: Stopped.
Jicofo 2024-06-29 19:51:19.626 INFO: [335] [type=bridge brewery=jvbbrewery] BaseBrewery.removeInstance#359: Removed brewery instance: jvbbrewery@internal-muc.meet.jitsi/c7e2f95ee80b
Jicofo 2024-06-29 19:51:19.639 INFO: [335] BridgeSelector.removeJvbAddress#109: Removing JVB: jvbbrewery@internal-muc.meet.jitsi/c7e2f95ee80b
Jicofo 2024-06-29 19:51:19.640 WARNING: [335] BridgeSelector.removeJvbAddress#112: Lost a bridge: jvbbrewery@internal-muc.meet.jitsi/c7e2f95ee80b
Jicofo 2024-06-29 19:51:19.663 INFO: [39] JvbDoctor.bridgeRemoved#105: Stopping health-check task for: Bridge[jid=jvbbrewery@internal-muc.meet.jitsi/c7e2f95ee80b, version=2.3.109-gacf024b7, relayId=null, region=null, stress=0.00]
Jicofo 2024-06-29 19:51:19.729 WARNING: [336] org.jivesoftware.smack.AbstractXMPPConnection.callConnectionClosedOnErrorListener: Connection XMPPTCPConnection[focus@auth.meet.jitsi/focus] (0) closed with error
org.jivesoftware.smack.XMPPException$StreamErrorException: system-shutdown You can read more about the meaning of this stream error at http://xmpp.org/rfcs/rfc6120.html#streams-error-conditions
<stream:error><system-shutdown xmlns='urn:ietf:params:xml:ns:xmpp-streams'/><text>Received SIGTERM</text></stream:error>
	at org.jivesoftware.smack.tcp.XMPPTCPConnection$PacketReader.parsePackets(XMPPTCPConnection.java:984)
	at org.jivesoftware.smack.tcp.XMPPTCPConnection$PacketReader.access$700(XMPPTCPConnection.java:916)
	at org.jivesoftware.smack.tcp.XMPPTCPConnection$PacketReader$1.run(XMPPTCPConnection.java:939)
	at java.base/java.lang.Thread.run(Thread.java:840)
Jicofo 2024-06-29 19:51:19.753 SEVERE: [336] [xmpp_connection=client] XmppProvider$connectionListener$1.connectionClosedOnError#113: XMPP connection closed on error: system-shutdown You can read more about the meaning of this stream error at http://xmpp.org/rfcs/rfc6120.html#streams-error-conditions
<stream:error><system-shutdown xmlns='urn:ietf:params:xml:ns:xmpp-streams'/><text>Received SIGTERM</text></stream:error>
org.jivesoftware.smack.XMPPException$StreamErrorException: system-shutdown You can read more about the meaning of this stream error at http://xmpp.org/rfcs/rfc6120.html#streams-error-conditions
<stream:error><system-shutdown xmlns='urn:ietf:params:xml:ns:xmpp-streams'/><text>Received SIGTERM</text></stream:error>
	at org.jivesoftware.smack.tcp.XMPPTCPConnection$PacketReader.parsePackets(XMPPTCPConnection.java:984)
	at org.jivesoftware.smack.tcp.XMPPTCPConnection$PacketReader.access$700(XMPPTCPConnection.java:916)
	at org.jivesoftware.smack.tcp.XMPPTCPConnection$PacketReader$1.run(XMPPTCPConnection.java:939)
	at java.base/java.lang.Thread.run(Thread.java:840)
Jicofo 2024-06-29 19:51:19.758 INFO: [32] [type=bridge brewery=jvbbrewery] BaseBrewery.stop#204: Left the room.
Jicofo 2024-06-29 19:51:20.757 INFO: [337] [xmpp_connection=client] XmppProvider$reconnectionListener$1.reconnectingIn#87: XMPP reconnecting in: 12 seconds.
Jicofo 2024-06-29 19:51:21.758 INFO: [337] [xmpp_connection=client] XmppProvider$reconnectionListener$1.reconnectingIn#87: XMPP reconnecting in: 11 seconds.
Jicofo 2024-06-29 19:51:22.759 INFO: [337] [xmpp_connection=client] XmppProvider$reconnectionListener$1.reconnectingIn#87: XMPP reconnecting in: 10 seconds.
Jicofo 2024-06-29 19:51:23.761 INFO: [337] [xmpp_connection=client] XmppProvider$reconnectionListener$1.reconnectingIn#87: XMPP reconnecting in: 9 seconds.
Jicofo 2024-06-29 19:51:24.764 INFO: [337] [xmpp_connection=client] XmppProvider$reconnectionListener$1.reconnectingIn#87: XMPP reconnecting in: 8 seconds.
Jicofo 2024-06-29 19:51:25.768 INFO: [337] [xmpp_connection=client] XmppProvider$reconnectionListener$1.reconnectingIn#87: XMPP reconnecting in: 7 seconds.
Jicofo 2024-06-29 19:51:26.771 INFO: [337] [xmpp_connection=client] XmppProvider$reconnectionListener$1.reconnectingIn#87: XMPP reconnecting in: 6 seconds.
Jicofo 2024-06-29 19:51:27.772 INFO: [337] [xmpp_connection=client] XmppProvider$reconnectionListener$1.reconnectingIn#87: XMPP reconnecting in: 5 seconds.
Jicofo 2024-06-29 19:51:28.774 INFO: [337] [xmpp_connection=client] XmppProvider$reconnectionListener$1.reconnectingIn#87: XMPP reconnecting in: 4 seconds.
Jicofo 2024-06-29 19:51:29.776 INFO: [337] [xmpp_connection=client] XmppProvider$reconnectionListener$1.reconnectingIn#87: XMPP reconnecting in: 3 seconds.
Jicofo 2024-06-29 19:51:30.779 INFO: [337] [xmpp_connection=client] XmppProvider$reconnectionListener$1.reconnectingIn#87: XMPP reconnecting in: 2 seconds.
Jicofo 2024-06-29 19:51:31.782 INFO: [337] [xmpp_connection=client] XmppProvider$reconnectionListener$1.reconnectingIn#87: XMPP reconnecting in: 1 seconds.
Jicofo 2024-06-29 19:51:32.784 INFO: [337] [xmpp_connection=client] XmppProvider$reconnectionListener$1.reconnectingIn#87: XMPP reconnecting in: 0 seconds.
Jicofo 2024-06-29 19:51:32.785 INFO: [337] [xmpp_connection=client] XmppProvider$reconnectionListener$1.reconnectingIn#87: XMPP reconnecting in: 0 seconds.
Jicofo 2024-06-29 19:51:32.976 INFO: [337] [xmpp_connection=client] XmppProvider.fireRegistrationStateChanged#218: Set replyTimeout=PT15S
Jicofo 2024-06-29 19:51:32.977 INFO: [337] [xmpp_connection=client] XmppProvider$connectionListener$1.authenticated#98: Registered.
Jicofo 2024-06-29 19:51:32.977 INFO: [337] [xmpp_connection=client] XmppProvider$connectionListener$1.authenticated#100: Will discover components for meet.jitsi
Jicofo 2024-06-29 19:51:33.001 INFO: [32] [type=bridge brewery=jvbbrewery] BaseBrewery.start#177: Joined the room.
Jicofo 2024-06-29 19:51:38.155 INFO: [331] [type=bridge brewery=jvbbrewery] BaseBrewery.addInstance#347: Added brewery instance: jvbbrewery@internal-muc.meet.jitsi/c7e2f95ee80b
Jicofo 2024-06-29 19:51:38.170 INFO: [331] BridgeSelector.addJvbAddress#96: Added new videobridge: Bridge[jid=jvbbrewery@internal-muc.meet.jitsi/c7e2f95ee80b, version=2.3.109-gacf024b7, relayId=null, region=null, stress=0.00]
Jicofo 2024-06-29 19:51:38.176 INFO: [39] JvbDoctor.bridgeAdded#128: Scheduled health-check task for: Bridge[jid=jvbbrewery@internal-muc.meet.jitsi/c7e2f95ee80b, version=2.3.109-gacf024b7, relayId=null, region=null, stress=0.00]
Jicofo 2024-06-29 19:53:02.875 WARNING: [345] org.jivesoftware.smack.AbstractXMPPConnection.callConnectionClosedOnErrorListener: Connection XMPPTCPConnection[focus@auth.meet.jitsi/focus] (0) closed with error
org.jivesoftware.smack.XMPPException$StreamErrorException: system-shutdown You can read more about the meaning of this stream error at http://xmpp.org/rfcs/rfc6120.html#streams-error-conditions
<stream:error><system-shutdown xmlns='urn:ietf:params:xml:ns:xmpp-streams'/><text>Received SIGTERM</text></stream:error>
	at org.jivesoftware.smack.tcp.XMPPTCPConnection$PacketReader.parsePackets(XMPPTCPConnection.java:984)
	at org.jivesoftware.smack.tcp.XMPPTCPConnection$PacketReader.access$700(XMPPTCPConnection.java:916)
	at org.jivesoftware.smack.tcp.XMPPTCPConnection$PacketReader$1.run(XMPPTCPConnection.java:939)
	at java.base/java.lang.Thread.run(Thread.java:840)
Jicofo 2024-06-29 19:53:02.878 SEVERE: [345] [xmpp_connection=client] XmppProvider$connectionListener$1.connectionClosedOnError#113: XMPP connection closed on error: system-shutdown You can read more about the meaning of this stream error at http://xmpp.org/rfcs/rfc6120.html#streams-error-conditions
<stream:error><system-shutdown xmlns='urn:ietf:params:xml:ns:xmpp-streams'/><text>Received SIGTERM</text></stream:error>
org.jivesoftware.smack.XMPPException$StreamErrorException: system-shutdown You can read more about the meaning of this stream error at http://xmpp.org/rfcs/rfc6120.html#streams-error-conditions
<stream:error><system-shutdown xmlns='urn:ietf:params:xml:ns:xmpp-streams'/><text>Received SIGTERM</text></stream:error>
	at org.jivesoftware.smack.tcp.XMPPTCPConnection$PacketReader.parsePackets(XMPPTCPConnection.java:984)
	at org.jivesoftware.smack.tcp.XMPPTCPConnection$PacketReader.access$700(XMPPTCPConnection.java:916)
	at org.jivesoftware.smack.tcp.XMPPTCPConnection$PacketReader$1.run(XMPPTCPConnection.java:939)
	at java.base/java.lang.Thread.run(Thread.java:840)
Jicofo 2024-06-29 19:53:02.879 INFO: [32] [type=bridge brewery=jvbbrewery] BaseBrewery.stop#204: Left the room.
Jicofo 2024-06-29 19:53:02.879 INFO: [32] [type=bridge brewery=jvbbrewery] BaseBrewery.removeInstance#359: Removed brewery instance: jvbbrewery@internal-muc.meet.jitsi/c7e2f95ee80b
Jicofo 2024-06-29 19:53:02.879 INFO: [32] BridgeSelector.removeJvbAddress#109: Removing JVB: jvbbrewery@internal-muc.meet.jitsi/c7e2f95ee80b
Jicofo 2024-06-29 19:53:02.887 WARNING: [32] BridgeSelector.removeJvbAddress#112: Lost a bridge: jvbbrewery@internal-muc.meet.jitsi/c7e2f95ee80b
Jicofo 2024-06-29 19:53:02.891 INFO: [39] JvbDoctor.bridgeRemoved#105: Stopping health-check task for: Bridge[jid=jvbbrewery@internal-muc.meet.jitsi/c7e2f95ee80b, version=2.3.109-gacf024b7, relayId=null, region=null, stress=0.00]
Jicofo 2024-06-29 19:53:03.881 INFO: [346] [xmpp_connection=client] XmppProvider$reconnectionListener$1.reconnectingIn#87: XMPP reconnecting in: 12 seconds.
Jicofo 2024-06-29 19:53:04.882 INFO: [346] [xmpp_connection=client] XmppProvider$reconnectionListener$1.reconnectingIn#87: XMPP reconnecting in: 11 seconds.
Jicofo 2024-06-29 19:53:05.883 INFO: [346] [xmpp_connection=client] XmppProvider$reconnectionListener$1.reconnectingIn#87: XMPP reconnecting in: 10 seconds.
Jicofo 2024-06-29 19:53:06.884 INFO: [346] [xmpp_connection=client] XmppProvider$reconnectionListener$1.reconnectingIn#87: XMPP reconnecting in: 9 seconds.
Jicofo 2024-06-29 19:53:07.886 INFO: [346] [xmpp_connection=client] XmppProvider$reconnectionListener$1.reconnectingIn#87: XMPP reconnecting in: 8 seconds.
Jicofo 2024-06-29 19:53:08.888 INFO: [346] [xmpp_connection=client] XmppProvider$reconnectionListener$1.reconnectingIn#87: XMPP reconnecting in: 7 seconds.
Jicofo 2024-06-29 19:53:09.889 INFO: [346] [xmpp_connection=client] XmppProvider$reconnectionListener$1.reconnectingIn#87: XMPP reconnecting in: 6 seconds.
Jicofo 2024-06-29 19:53:10.890 INFO: [346] [xmpp_connection=client] XmppProvider$reconnectionListener$1.reconnectingIn#87: XMPP reconnecting in: 5 seconds.
Jicofo 2024-06-29 19:53:11.891 INFO: [346] [xmpp_connection=client] XmppProvider$reconnectionListener$1.reconnectingIn#87: XMPP reconnecting in: 4 seconds.
Jicofo 2024-06-29 19:53:12.892 INFO: [346] [xmpp_connection=client] XmppProvider$reconnectionListener$1.reconnectingIn#87: XMPP reconnecting in: 3 seconds.
Jicofo 2024-06-29 19:53:13.893 INFO: [346] [xmpp_connection=client] XmppProvider$reconnectionListener$1.reconnectingIn#87: XMPP reconnecting in: 2 seconds.
Jicofo 2024-06-29 19:53:14.895 INFO: [346] [xmpp_connection=client] XmppProvider$reconnectionListener$1.reconnectingIn#87: XMPP reconnecting in: 1 seconds.
Jicofo 2024-06-29 19:53:15.896 INFO: [346] [xmpp_connection=client] XmppProvider$reconnectionListener$1.reconnectingIn#87: XMPP reconnecting in: 0 seconds.
Jicofo 2024-06-29 19:53:15.897 INFO: [346] [xmpp_connection=client] XmppProvider$reconnectionListener$1.reconnectingIn#87: XMPP reconnecting in: 0 seconds.
Jicofo 2024-06-29 19:53:16.041 INFO: [346] [xmpp_connection=client] XmppProvider.fireRegistrationStateChanged#218: Set replyTimeout=PT15S
Jicofo 2024-06-29 19:53:16.041 INFO: [346] [xmpp_connection=client] XmppProvider$connectionListener$1.authenticated#98: Registered.
Jicofo 2024-06-29 19:53:16.041 INFO: [346] [xmpp_connection=client] XmppProvider$connectionListener$1.authenticated#100: Will discover components for meet.jitsi
Jicofo 2024-06-29 19:53:16.044 INFO: [344] [type=bridge brewery=jvbbrewery] BaseBrewery.addInstance#347: Added brewery instance: jvbbrewery@internal-muc.meet.jitsi/c7e2f95ee80b
Jicofo 2024-06-29 19:53:16.044 INFO: [344] BridgeSelector.addJvbAddress#96: Added new videobridge: Bridge[jid=jvbbrewery@internal-muc.meet.jitsi/c7e2f95ee80b, version=2.3.109-gacf024b7, relayId=null, region=null, stress=0.00]
Jicofo 2024-06-29 19:53:16.044 INFO: [39] JvbDoctor.bridgeAdded#128: Scheduled health-check task for: Bridge[jid=jvbbrewery@internal-muc.meet.jitsi/c7e2f95ee80b, version=2.3.109-gacf024b7, relayId=null, region=null, stress=0.00]
Jicofo 2024-06-29 19:53:16.047 INFO: [351] [type=bridge brewery=jvbbrewery] BaseBrewery.start#177: Joined the room.
[cont-finish.d] executing container finish scripts...
[cont-finish.d] done.
[s6-finish] waiting for services.
[s6-finish] sending all processes the TERM signal.
[s6-finish] sending all processes the KILL signal and exiting.
[s6-init] making user provided files available at /var/run/s6/etc...exited 0.
[s6-init] ensuring user provided files have correct perms...exited 0.
[fix-attrs.d] applying ownership & permissions fixes...
[fix-attrs.d] done.
[cont-init.d] executing container initialization scripts...
[cont-init.d] 01-set-timezone: executing... 
[cont-init.d] 01-set-timezone: exited 0.
[cont-init.d] 10-config: executing... 
[cont-init.d] 10-config: exited 0.
[cont-init.d] done.
[services.d] starting services
[services.d] done.
Jicofo 2024-06-29 21:46:00.316 INFO: [1] Main.main#47: Starting Jicofo.
Jicofo 2024-06-29 21:46:00.517 INFO: [1] JitsiConfig.<clinit>#47: Initialized newConfig: merge of /config/jicofo.conf: 1,system properties,reference.conf @ jar:file:/usr/share/jicofo/lib/jicofo-selector-1.0-1081.jar!/reference.conf: 1
Jicofo 2024-06-29 21:46:00.523 INFO: [1] ReadOnlyConfigurationService.reloadConfiguration#40: net.java.sip.communicator.SC_HOME_DIR_LOCATION not set
Jicofo 2024-06-29 21:46:00.525 INFO: [1] JitsiConfig.<clinit>#68: Initialized legacyConfig: sip communicator props (no description provided)
Jicofo 2024-06-29 21:46:00.528 INFO: [1] JitsiConfig$Companion.reloadNewConfig#94: Reloading the Typesafe config source (previously reloaded 0 times).
Jicofo 2024-06-29 21:46:00.800 INFO: [1] Smack.initialize#30: Setting XML parsing limits.
Jicofo 2024-06-29 21:46:00.823 INFO: [1] Smack.initialize#42: Using JitsiXmppStringprep.
Jicofo 2024-06-29 21:46:01.004 INFO: [1] MetricsUpdater.addUpdateTask#45: Scheduling metrics update task with interval PT30S.
Jicofo 2024-06-29 21:46:01.020 INFO: [1] JicofoServices.createAuthenticationAuthority#209: Authentication service disabled.
Jicofo 2024-06-29 21:46:01.054 WARNING: [1] [xmpp_connection=client] XmppProviderKt.createXmppConnection#317: Disabling TLS certificate verification!
Jicofo 2024-06-29 21:46:01.127 INFO: [1] XmppServices.<init>#45: No dedicated Service XMPP connection configured, re-using the client XMPP connection.
Jicofo 2024-06-29 21:46:01.139 INFO: [1] XmppServices.<init>#75: No Jigasi detector configured.
Jicofo 2024-06-29 21:46:01.140 INFO: [1] AvModerationHandler.componentsChanged#112: No av_moderation component discovered.
Jicofo 2024-06-29 21:46:01.142 SEVERE: [15] [xmpp_connection=client] XmppProvider.doConnect#181: Failed to connect/login: The following addresses failed: 'RFC 6120 A/AAAA Endpoint + [xmpp.meet.jitsi:5222] (xmpp.meet.jitsi/172.19.0.5:5222)' failed because: java.net.ConnectException: Connection refused
org.jivesoftware.smack.SmackException$EndpointConnectionException: The following addresses failed: 'RFC 6120 A/AAAA Endpoint + [xmpp.meet.jitsi:5222] (xmpp.meet.jitsi/172.19.0.5:5222)' failed because: java.net.ConnectException: Connection refused
	at org.jivesoftware.smack.SmackException$EndpointConnectionException.from(SmackException.java:334)
	at org.jivesoftware.smack.tcp.XMPPTCPConnection.connectUsingConfiguration(XMPPTCPConnection.java:664)
	at org.jivesoftware.smack.tcp.XMPPTCPConnection.connectInternal(XMPPTCPConnection.java:849)
	at org.jivesoftware.smack.AbstractXMPPConnection.connect(AbstractXMPPConnection.java:525)
	at org.jitsi.jicofo.xmpp.XmppProvider.doConnect(XmppProvider.kt:167)
	at org.jitsi.jicofo.xmpp.XmppProvider.start$lambda$1(XmppProvider.kt:126)
	at org.jitsi.retry.RetryStrategy$TaskRunner.run(RetryStrategy.java:167)
	at java.base/java.util.concurrent.Executors$RunnableAdapter.call(Executors.java:539)
	at java.base/java.util.concurrent.FutureTask.run(FutureTask.java:264)
	at java.base/java.util.concurrent.ScheduledThreadPoolExecutor$ScheduledFutureTask.run(ScheduledThreadPoolExecutor.java:304)
	at java.base/java.util.concurrent.ThreadPoolExecutor.runWorker(ThreadPoolExecutor.java:1136)
	at java.base/java.util.concurrent.ThreadPoolExecutor$Worker.run(ThreadPoolExecutor.java:635)
	at java.base/java.lang.Thread.run(Thread.java:840)
Jicofo 2024-06-29 21:46:01.143 INFO: [1] RoomMetadataHandler.componentsChanged#96: No room_metadata component discovered.
Jicofo 2024-06-29 21:46:01.144 INFO: [1] [connection=client] VisitorsManager.updateAddress#57: VisitorsComponentManager is now disabled with address null
Jicofo 2024-06-29 21:46:01.146 INFO: [1] ConferenceIqHandler.componentsChanged#208: No breakout room component discovered.
Jicofo 2024-06-29 21:46:01.157 INFO: [1] BridgeSelector.<init>#57: Using org.jitsi.jicofo.bridge.SingleBridgeSelectionStrategy
Jicofo 2024-06-29 21:46:01.167 INFO: [1] [type=bridge brewery=jvbbrewery] BaseBrewery.<init>#101: Initialized with JID=jvbbrewery@internal-muc.meet.jitsi
Jicofo 2024-06-29 21:46:01.169 INFO: [1] JicofoServices.<init>#111: No Jibri detector configured.
Jicofo 2024-06-29 21:46:01.169 INFO: [1] JicofoServices.<init>#117: No SIP Jibri detector configured.
Jicofo 2024-06-29 21:46:01.187 INFO: [1] JicofoServices.<init>#146: Starting HTTP server with config: host=null, port=8888, tlsPort=8843, isTls=false, keyStorePath=null, sendServerVersion=false, [TLSv1.2, TLSv1.3]=[TLSv1.2, TLSv1.3], tlsCipherSuites=[TLS_ECDHE_ECDSA_WITH_AES_256_GCM_SHA384, TLS_ECDHE_RSA_WITH_AES_256_GCM_SHA384, TLS_ECDHE_ECDSA_WITH_AES_128_GCM_SHA256, TLS_ECDHE_RSA_WITH_AES_128_GCM_SHA256, TLS_ECDHE_ECDSA_WITH_CHACHA20_POLY1305_SHA256, TLS_ECDHE_RSA_WITH_CHACHA20_POLY1305_SHA256, TLS_DHE_RSA_WITH_AES_256_GCM_SHA384, TLS_DHE_RSA_WITH_AES_128_GCM_SHA256].
Jicofo 2024-06-29 21:46:01.344 INFO: [1] org.eclipse.jetty.server.Server.doStart: jetty-11.0.20; built: 2024-01-29T21:04:22.394Z; git: 922f8dc188f7011e60d0361de585fd4ac4d63064; jvm 17.0.11+9-Debian-1deb12u1
Jicofo 2024-06-29 21:46:01.637 WARNING: [1] org.glassfish.jersey.server.wadl.WadlFeature.configure: JAXBContext implementation could not be found. WADL feature is disabled.
Jicofo 2024-06-29 21:46:01.727 WARNING: [1] org.glassfish.jersey.internal.inject.Providers.checkProviderRuntime: A provider org.jitsi.rest.Version registered in SERVER runtime does not implement any provider interfaces applicable in the SERVER runtime. Due to constraint configuration problems the provider org.jitsi.rest.Version will be ignored. 
Jicofo 2024-06-29 21:46:01.727 WARNING: [1] org.glassfish.jersey.internal.inject.Providers.checkProviderRuntime: A provider org.jitsi.rest.prometheus.Prometheus registered in SERVER runtime does not implement any provider interfaces applicable in the SERVER runtime. Due to constraint configuration problems the provider org.jitsi.rest.prometheus.Prometheus will be ignored. 
Jicofo 2024-06-29 21:46:01.728 WARNING: [1] org.glassfish.jersey.internal.inject.Providers.checkProviderRuntime: A provider org.jitsi.jicofo.rest.ConferenceRequest registered in SERVER runtime does not implement any provider interfaces applicable in the SERVER runtime. Due to constraint configuration problems the provider org.jitsi.jicofo.rest.ConferenceRequest will be ignored. 
Jicofo 2024-06-29 21:46:01.927 INFO: [1] org.eclipse.jetty.server.handler.ContextHandler.doStart: Started o.e.j.s.ServletContextHandler@67f63d26{/,null,AVAILABLE}
Jicofo 2024-06-29 21:46:01.934 INFO: [1] org.eclipse.jetty.server.AbstractConnector.doStart: Started ServerConnector@35dd9ed3{HTTP/1.1, (http/1.1)}{0.0.0.0:8888}
Jicofo 2024-06-29 21:46:01.938 INFO: [1] org.eclipse.jetty.server.Server.doStart: Started Server@33db72bd{STARTING}[11.0.20,sto=0] @1849ms
Jicofo 2024-06-29 21:46:01.938 INFO: [1] JicofoServices.<init>#169: Registering GlobalMetrics periodic updates.
Jicofo 2024-06-29 21:46:06.331 INFO: [17] [xmpp_connection=client] XmppProvider.doConnect#168: Connected, JID=null
Jicofo 2024-06-29 21:46:06.412 INFO: [17] [xmpp_connection=client] XmppProvider.fireRegistrationStateChanged#218: Set replyTimeout=PT15S
Jicofo 2024-06-29 21:46:06.412 INFO: [17] [xmpp_connection=client] XmppProvider$connectionListener$1.authenticated#98: Registered.
Jicofo 2024-06-29 21:46:06.412 INFO: [17] [xmpp_connection=client] XmppProvider$connectionListener$1.authenticated#100: Will discover components for meet.jitsi
Jicofo 2024-06-29 21:46:06.415 WARNING: [33] [xmpp_connection=client] XmppProvider.setComponents#77: Discovered components: [Component(type=lobbyrooms, address=lobby.meet.jitsi), Component(type=speakerstats, address=speakerstats.meet.jitsi), Component(type=room_metadata, address=metadata.meet.jitsi), Component(type=breakout_rooms, address=breakout.meet.jitsi), Component(type=conference_duration, address=conferenceduration.meet.jitsi), Component(type=av_moderation, address=avmoderation.meet.jitsi), Component(type=end_conference, address=endconference.meet.jitsi)]
Jicofo 2024-06-29 21:46:06.415 INFO: [37] AvModerationHandler.componentsChanged#115: Using av_moderation component at avmoderation.meet.jitsi.
Jicofo 2024-06-29 21:46:06.417 INFO: [34] [connection=client] VisitorsManager.updateAddress#57: VisitorsComponentManager is now disabled with address null
Jicofo 2024-06-29 21:46:06.417 INFO: [37] RoomMetadataHandler.componentsChanged#99: Using room_metadata component at metadata.meet.jitsi.
Jicofo 2024-06-29 21:46:06.417 INFO: [34] ConferenceIqHandler.componentsChanged#211: Using breakout room component at breakout.meet.jitsi.
Jicofo 2024-06-29 21:46:06.433 INFO: [36] [type=bridge brewery=jvbbrewery] BaseBrewery.addInstance#347: Added brewery instance: jvbbrewery@internal-muc.meet.jitsi/c7e2f95ee80b
Jicofo 2024-06-29 21:46:06.437 INFO: [36] BridgeSelector.addJvbAddress#96: Added new videobridge: Bridge[jid=jvbbrewery@internal-muc.meet.jitsi/c7e2f95ee80b, version=2.3.109-gacf024b7, relayId=null, region=null, stress=0.00]
Jicofo 2024-06-29 21:46:06.439 INFO: [39] JvbDoctor.bridgeAdded#128: Scheduled health-check task for: Bridge[jid=jvbbrewery@internal-muc.meet.jitsi/c7e2f95ee80b, version=2.3.109-gacf024b7, relayId=null, region=null, stress=0.00]
Jicofo 2024-06-29 21:46:06.444 INFO: [32] [type=bridge brewery=jvbbrewery] BaseBrewery.start#177: Joined the room.
Jicofo 2024-06-29 21:48:49.804 INFO: [1] Main.main#93: Stopping services.
[cont-finish.d] executing container finish scripts...
[cont-finish.d] done.
[s6-finish] waiting for services.
[s6-finish] sending all processes the TERM signal.
[s6-finish] sending all processes the KILL signal and exiting.
[s6-init] making user provided files available at /var/run/s6/etc...exited 0.
[s6-init] ensuring user provided files have correct perms...exited 0.
[fix-attrs.d] applying ownership & permissions fixes...
[fix-attrs.d] done.
[cont-init.d] executing container initialization scripts...
[cont-init.d] 01-set-timezone: executing... 
[cont-init.d] 01-set-timezone: exited 0.
[cont-init.d] 10-config: executing... 
[cont-init.d] 10-config: exited 0.
[cont-init.d] done.
[services.d] starting services
[services.d] done.
Jicofo 2024-06-29 21:49:13.117 INFO: [1] Main.main#47: Starting Jicofo.
Jicofo 2024-06-29 21:49:13.428 INFO: [1] JitsiConfig.<clinit>#47: Initialized newConfig: merge of /config/jicofo.conf: 1,system properties,reference.conf @ jar:file:/usr/share/jicofo/lib/jicofo-selector-1.0-1081.jar!/reference.conf: 1
Jicofo 2024-06-29 21:49:13.431 INFO: [1] ReadOnlyConfigurationService.reloadConfiguration#40: net.java.sip.communicator.SC_HOME_DIR_LOCATION not set
Jicofo 2024-06-29 21:49:13.432 INFO: [1] JitsiConfig.<clinit>#68: Initialized legacyConfig: sip communicator props (no description provided)
Jicofo 2024-06-29 21:49:13.439 INFO: [1] JitsiConfig$Companion.reloadNewConfig#94: Reloading the Typesafe config source (previously reloaded 0 times).
Jicofo 2024-06-29 21:49:13.942 INFO: [1] Smack.initialize#30: Setting XML parsing limits.
Jicofo 2024-06-29 21:49:13.968 INFO: [1] Smack.initialize#42: Using JitsiXmppStringprep.
Jicofo 2024-06-29 21:49:14.191 INFO: [1] MetricsUpdater.addUpdateTask#45: Scheduling metrics update task with interval PT30S.
Jicofo 2024-06-29 21:49:14.198 INFO: [1] JicofoServices.createAuthenticationAuthority#209: Authentication service disabled.
Jicofo 2024-06-29 21:49:14.285 WARNING: [1] [xmpp_connection=client] XmppProviderKt.createXmppConnection#317: Disabling TLS certificate verification!
Jicofo 2024-06-29 21:49:14.365 INFO: [1] XmppServices.<init>#45: No dedicated Service XMPP connection configured, re-using the client XMPP connection.
Jicofo 2024-06-29 21:49:14.372 INFO: [1] XmppServices.<init>#75: No Jigasi detector configured.
Jicofo 2024-06-29 21:49:14.373 INFO: [1] AvModerationHandler.componentsChanged#112: No av_moderation component discovered.
Jicofo 2024-06-29 21:49:14.374 INFO: [1] RoomMetadataHandler.componentsChanged#96: No room_metadata component discovered.
Jicofo 2024-06-29 21:49:14.376 INFO: [1] [connection=client] VisitorsManager.updateAddress#57: VisitorsComponentManager is now disabled with address null
Jicofo 2024-06-29 21:49:14.379 INFO: [1] ConferenceIqHandler.componentsChanged#208: No breakout room component discovered.
Jicofo 2024-06-29 21:49:14.405 INFO: [1] BridgeSelector.<init>#57: Using org.jitsi.jicofo.bridge.SingleBridgeSelectionStrategy
Jicofo 2024-06-29 21:49:14.412 INFO: [1] [type=bridge brewery=jvbbrewery] BaseBrewery.<init>#101: Initialized with JID=jvbbrewery@internal-muc.meet.jitsi
Jicofo 2024-06-29 21:49:14.413 INFO: [1] JicofoServices.<init>#111: No Jibri detector configured.
Jicofo 2024-06-29 21:49:14.413 INFO: [1] JicofoServices.<init>#117: No SIP Jibri detector configured.
Jicofo 2024-06-29 21:49:14.424 INFO: [1] JicofoServices.<init>#146: Starting HTTP server with config: host=null, port=8888, tlsPort=8843, isTls=false, keyStorePath=null, sendServerVersion=false, [TLSv1.2, TLSv1.3]=[TLSv1.2, TLSv1.3], tlsCipherSuites=[TLS_ECDHE_ECDSA_WITH_AES_256_GCM_SHA384, TLS_ECDHE_RSA_WITH_AES_256_GCM_SHA384, TLS_ECDHE_ECDSA_WITH_AES_128_GCM_SHA256, TLS_ECDHE_RSA_WITH_AES_128_GCM_SHA256, TLS_ECDHE_ECDSA_WITH_CHACHA20_POLY1305_SHA256, TLS_ECDHE_RSA_WITH_CHACHA20_POLY1305_SHA256, TLS_DHE_RSA_WITH_AES_256_GCM_SHA384, TLS_DHE_RSA_WITH_AES_128_GCM_SHA256].
Jicofo 2024-06-29 21:49:14.744 INFO: [15] [xmpp_connection=client] XmppProvider.doConnect#168: Connected, JID=null
Jicofo 2024-06-29 21:49:14.750 INFO: [1] org.eclipse.jetty.server.Server.doStart: jetty-11.0.20; built: 2024-01-29T21:04:22.394Z; git: 922f8dc188f7011e60d0361de585fd4ac4d63064; jvm 17.0.11+9-Debian-1deb12u1
Jicofo 2024-06-29 21:49:14.827 INFO: [15] [xmpp_connection=client] XmppProvider.fireRegistrationStateChanged#218: Set replyTimeout=PT15S
Jicofo 2024-06-29 21:49:14.827 INFO: [15] [xmpp_connection=client] XmppProvider$connectionListener$1.authenticated#98: Registered.
Jicofo 2024-06-29 21:49:14.828 INFO: [15] [xmpp_connection=client] XmppProvider$connectionListener$1.authenticated#100: Will discover components for meet.jitsi
Jicofo 2024-06-29 21:49:14.850 WARNING: [35] [xmpp_connection=client] XmppProvider.setComponents#77: Discovered components: [Component(type=room_metadata, address=metadata.meet.jitsi), Component(type=breakout_rooms, address=breakout.meet.jitsi), Component(type=lobbyrooms, address=lobby.meet.jitsi), Component(type=av_moderation, address=avmoderation.meet.jitsi), Component(type=conference_duration, address=conferenceduration.meet.jitsi), Component(type=speakerstats, address=speakerstats.meet.jitsi), Component(type=end_conference, address=endconference.meet.jitsi)]
Jicofo 2024-06-29 21:49:14.850 INFO: [37] AvModerationHandler.componentsChanged#115: Using av_moderation component at avmoderation.meet.jitsi.
Jicofo 2024-06-29 21:49:14.850 INFO: [33] RoomMetadataHandler.componentsChanged#99: Using room_metadata component at metadata.meet.jitsi.
Jicofo 2024-06-29 21:49:14.856 INFO: [37] ConferenceIqHandler.componentsChanged#211: Using breakout room component at breakout.meet.jitsi.
Jicofo 2024-06-29 21:49:14.858 INFO: [38] [connection=client] VisitorsManager.updateAddress#57: VisitorsComponentManager is now disabled with address null
Jicofo 2024-06-29 21:49:14.904 INFO: [29] [type=bridge brewery=jvbbrewery] BaseBrewery.start#177: Joined the room.
Jicofo 2024-06-29 21:49:15.106 WARNING: [1] org.glassfish.jersey.server.wadl.WadlFeature.configure: JAXBContext implementation could not be found. WADL feature is disabled.
Jicofo 2024-06-29 21:49:15.171 WARNING: [1] org.glassfish.jersey.internal.inject.Providers.checkProviderRuntime: A provider org.jitsi.rest.Version registered in SERVER runtime does not implement any provider interfaces applicable in the SERVER runtime. Due to constraint configuration problems the provider org.jitsi.rest.Version will be ignored. 
Jicofo 2024-06-29 21:49:15.171 WARNING: [1] org.glassfish.jersey.internal.inject.Providers.checkProviderRuntime: A provider org.jitsi.rest.prometheus.Prometheus registered in SERVER runtime does not implement any provider interfaces applicable in the SERVER runtime. Due to constraint configuration problems the provider org.jitsi.rest.prometheus.Prometheus will be ignored. 
Jicofo 2024-06-29 21:49:15.171 WARNING: [1] org.glassfish.jersey.internal.inject.Providers.checkProviderRuntime: A provider org.jitsi.jicofo.rest.ConferenceRequest registered in SERVER runtime does not implement any provider interfaces applicable in the SERVER runtime. Due to constraint configuration problems the provider org.jitsi.jicofo.rest.ConferenceRequest will be ignored. 
Jicofo 2024-06-29 21:49:15.204 INFO: [20] [type=bridge brewery=jvbbrewery] BaseBrewery.addInstance#347: Added brewery instance: jvbbrewery@internal-muc.meet.jitsi/c7e2f95ee80b
Jicofo 2024-06-29 21:49:15.208 INFO: [20] BridgeSelector.addJvbAddress#96: Added new videobridge: Bridge[jid=jvbbrewery@internal-muc.meet.jitsi/c7e2f95ee80b, version=2.3.109-gacf024b7, relayId=null, region=null, stress=0.00]
Jicofo 2024-06-29 21:49:15.213 INFO: [40] JvbDoctor.bridgeAdded#128: Scheduled health-check task for: Bridge[jid=jvbbrewery@internal-muc.meet.jitsi/c7e2f95ee80b, version=2.3.109-gacf024b7, relayId=null, region=null, stress=0.00]
Jicofo 2024-06-29 21:49:15.303 INFO: [1] org.eclipse.jetty.server.handler.ContextHandler.doStart: Started o.e.j.s.ServletContextHandler@1775c4e7{/,null,AVAILABLE}
Jicofo 2024-06-29 21:49:15.311 INFO: [1] org.eclipse.jetty.server.AbstractConnector.doStart: Started ServerConnector@35dd9ed3{HTTP/1.1, (http/1.1)}{0.0.0.0:8888}
Jicofo 2024-06-29 21:49:15.316 INFO: [1] org.eclipse.jetty.server.Server.doStart: Started Server@33db72bd{STARTING}[11.0.20,sto=0] @2411ms
Jicofo 2024-06-29 21:49:15.316 INFO: [1] JicofoServices.<init>#169: Registering GlobalMetrics periodic updates.
Jicofo 2024-06-29 21:52:09.713 INFO: [1] Main.main#93: Stopping services.
[cont-finish.d] executing container finish scripts...
[cont-finish.d] done.
[s6-finish] waiting for services.
[s6-finish] sending all processes the TERM signal.
[s6-finish] sending all processes the KILL signal and exiting.
[s6-init] making user provided files available at /var/run/s6/etc...exited 0.
[s6-init] ensuring user provided files have correct perms...exited 0.
[fix-attrs.d] applying ownership & permissions fixes...
[fix-attrs.d] done.
[cont-init.d] executing container initialization scripts...
[cont-init.d] 01-set-timezone: executing... 
[cont-init.d] 01-set-timezone: exited 0.
[cont-init.d] 10-config: executing... 
[cont-init.d] 10-config: exited 0.
[cont-init.d] done.
[services.d] starting services
[services.d] done.
Jicofo 2024-06-29 21:52:31.602 INFO: [1] Main.main#47: Starting Jicofo.
Jicofo 2024-06-29 21:52:31.858 INFO: [1] JitsiConfig.<clinit>#47: Initialized newConfig: merge of /config/jicofo.conf: 1,system properties,reference.conf @ jar:file:/usr/share/jicofo/lib/jicofo-selector-1.0-1081.jar!/reference.conf: 1
Jicofo 2024-06-29 21:52:31.861 INFO: [1] ReadOnlyConfigurationService.reloadConfiguration#40: net.java.sip.communicator.SC_HOME_DIR_LOCATION not set
Jicofo 2024-06-29 21:52:31.868 INFO: [1] JitsiConfig.<clinit>#68: Initialized legacyConfig: sip communicator props (no description provided)
Jicofo 2024-06-29 21:52:31.874 INFO: [1] JitsiConfig$Companion.reloadNewConfig#94: Reloading the Typesafe config source (previously reloaded 0 times).
Jicofo 2024-06-29 21:52:32.265 INFO: [1] Smack.initialize#30: Setting XML parsing limits.
Jicofo 2024-06-29 21:52:32.270 INFO: [1] Smack.initialize#42: Using JitsiXmppStringprep.
Jicofo 2024-06-29 21:52:32.413 INFO: [1] MetricsUpdater.addUpdateTask#45: Scheduling metrics update task with interval PT30S.
Jicofo 2024-06-29 21:52:32.425 INFO: [1] JicofoServices.createAuthenticationAuthority#209: Authentication service disabled.
Jicofo 2024-06-29 21:52:32.468 WARNING: [1] [xmpp_connection=client] XmppProviderKt.createXmppConnection#317: Disabling TLS certificate verification!
Jicofo 2024-06-29 21:52:32.536 INFO: [1] XmppServices.<init>#45: No dedicated Service XMPP connection configured, re-using the client XMPP connection.
Jicofo 2024-06-29 21:52:32.545 INFO: [1] XmppServices.<init>#75: No Jigasi detector configured.
Jicofo 2024-06-29 21:52:32.546 INFO: [1] AvModerationHandler.componentsChanged#112: No av_moderation component discovered.
Jicofo 2024-06-29 21:52:32.549 INFO: [1] RoomMetadataHandler.componentsChanged#96: No room_metadata component discovered.
Jicofo 2024-06-29 21:52:32.551 INFO: [1] [connection=client] VisitorsManager.updateAddress#57: VisitorsComponentManager is now disabled with address null
Jicofo 2024-06-29 21:52:32.553 INFO: [1] ConferenceIqHandler.componentsChanged#208: No breakout room component discovered.
Jicofo 2024-06-29 21:52:32.566 INFO: [1] BridgeSelector.<init>#57: Using org.jitsi.jicofo.bridge.SingleBridgeSelectionStrategy
Jicofo 2024-06-29 21:52:32.573 INFO: [1] [type=bridge brewery=jvbbrewery] BaseBrewery.<init>#101: Initialized with JID=jvbbrewery@internal-muc.meet.jitsi
Jicofo 2024-06-29 21:52:32.581 INFO: [1] JicofoServices.<init>#111: No Jibri detector configured.
Jicofo 2024-06-29 21:52:32.581 INFO: [1] JicofoServices.<init>#117: No SIP Jibri detector configured.
Jicofo 2024-06-29 21:52:32.601 INFO: [1] JicofoServices.<init>#146: Starting HTTP server with config: host=null, port=8888, tlsPort=8843, isTls=false, keyStorePath=null, sendServerVersion=false, [TLSv1.2, TLSv1.3]=[TLSv1.2, TLSv1.3], tlsCipherSuites=[TLS_ECDHE_ECDSA_WITH_AES_256_GCM_SHA384, TLS_ECDHE_RSA_WITH_AES_256_GCM_SHA384, TLS_ECDHE_ECDSA_WITH_AES_128_GCM_SHA256, TLS_ECDHE_RSA_WITH_AES_128_GCM_SHA256, TLS_ECDHE_ECDSA_WITH_CHACHA20_POLY1305_SHA256, TLS_ECDHE_RSA_WITH_CHACHA20_POLY1305_SHA256, TLS_DHE_RSA_WITH_AES_256_GCM_SHA384, TLS_DHE_RSA_WITH_AES_128_GCM_SHA256].
Jicofo 2024-06-29 21:52:32.728 INFO: [15] [xmpp_connection=client] XmppProvider.doConnect#168: Connected, JID=null
Jicofo 2024-06-29 21:52:32.793 INFO: [1] org.eclipse.jetty.server.Server.doStart: jetty-11.0.20; built: 2024-01-29T21:04:22.394Z; git: 922f8dc188f7011e60d0361de585fd4ac4d63064; jvm 17.0.11+9-Debian-1deb12u1
Jicofo 2024-06-29 21:52:32.863 INFO: [15] [xmpp_connection=client] XmppProvider.fireRegistrationStateChanged#218: Set replyTimeout=PT15S
Jicofo 2024-06-29 21:52:32.863 INFO: [15] [xmpp_connection=client] XmppProvider$connectionListener$1.authenticated#98: Registered.
Jicofo 2024-06-29 21:52:32.863 INFO: [15] [xmpp_connection=client] XmppProvider$connectionListener$1.authenticated#100: Will discover components for meet.jitsi
Jicofo 2024-06-29 21:52:32.872 WARNING: [37] [xmpp_connection=client] XmppProvider.setComponents#77: Discovered components: [Component(type=room_metadata, address=metadata.meet.jitsi), Component(type=av_moderation, address=avmoderation.meet.jitsi), Component(type=conference_duration, address=conferenceduration.meet.jitsi), Component(type=end_conference, address=endconference.meet.jitsi), Component(type=speakerstats, address=speakerstats.meet.jitsi), Component(type=lobbyrooms, address=lobby.meet.jitsi), Component(type=breakout_rooms, address=breakout.meet.jitsi)]
Jicofo 2024-06-29 21:52:32.874 INFO: [36] AvModerationHandler.componentsChanged#115: Using av_moderation component at avmoderation.meet.jitsi.
Jicofo 2024-06-29 21:52:32.875 INFO: [35] RoomMetadataHandler.componentsChanged#99: Using room_metadata component at metadata.meet.jitsi.
Jicofo 2024-06-29 21:52:32.878 INFO: [35] ConferenceIqHandler.componentsChanged#211: Using breakout room component at breakout.meet.jitsi.
Jicofo 2024-06-29 21:52:32.878 INFO: [38] [connection=client] VisitorsManager.updateAddress#57: VisitorsComponentManager is now disabled with address null
Jicofo 2024-06-29 21:52:32.910 INFO: [27] [type=bridge brewery=jvbbrewery] BaseBrewery.start#177: Joined the room.
Jicofo 2024-06-29 21:52:33.241 WARNING: [1] org.glassfish.jersey.server.wadl.WadlFeature.configure: JAXBContext implementation could not be found. WADL feature is disabled.
Jicofo 2024-06-29 21:52:33.307 WARNING: [1] org.glassfish.jersey.internal.inject.Providers.checkProviderRuntime: A provider org.jitsi.rest.Version registered in SERVER runtime does not implement any provider interfaces applicable in the SERVER runtime. Due to constraint configuration problems the provider org.jitsi.rest.Version will be ignored. 
Jicofo 2024-06-29 21:52:33.308 WARNING: [1] org.glassfish.jersey.internal.inject.Providers.checkProviderRuntime: A provider org.jitsi.rest.prometheus.Prometheus registered in SERVER runtime does not implement any provider interfaces applicable in the SERVER runtime. Due to constraint configuration problems the provider org.jitsi.rest.prometheus.Prometheus will be ignored. 
Jicofo 2024-06-29 21:52:33.308 WARNING: [1] org.glassfish.jersey.internal.inject.Providers.checkProviderRuntime: A provider org.jitsi.jicofo.rest.ConferenceRequest registered in SERVER runtime does not implement any provider interfaces applicable in the SERVER runtime. Due to constraint configuration problems the provider org.jitsi.jicofo.rest.ConferenceRequest will be ignored. 
Jicofo 2024-06-29 21:52:33.345 INFO: [29] [type=bridge brewery=jvbbrewery] BaseBrewery.addInstance#347: Added brewery instance: jvbbrewery@internal-muc.meet.jitsi/c7e2f95ee80b
Jicofo 2024-06-29 21:52:33.348 INFO: [29] BridgeSelector.addJvbAddress#96: Added new videobridge: Bridge[jid=jvbbrewery@internal-muc.meet.jitsi/c7e2f95ee80b, version=2.3.109-gacf024b7, relayId=null, region=null, stress=0.00]
Jicofo 2024-06-29 21:52:33.352 INFO: [40] JvbDoctor.bridgeAdded#128: Scheduled health-check task for: Bridge[jid=jvbbrewery@internal-muc.meet.jitsi/c7e2f95ee80b, version=2.3.109-gacf024b7, relayId=null, region=null, stress=0.00]
Jicofo 2024-06-29 21:52:33.451 INFO: [1] org.eclipse.jetty.server.handler.ContextHandler.doStart: Started o.e.j.s.ServletContextHandler@7f79edee{/,null,AVAILABLE}
Jicofo 2024-06-29 21:52:33.459 INFO: [1] org.eclipse.jetty.server.AbstractConnector.doStart: Started ServerConnector@4f824872{HTTP/1.1, (http/1.1)}{0.0.0.0:8888}
Jicofo 2024-06-29 21:52:33.464 INFO: [1] org.eclipse.jetty.server.Server.doStart: Started Server@72ee5d84{STARTING}[11.0.20,sto=0] @2107ms
Jicofo 2024-06-29 21:52:33.464 INFO: [1] JicofoServices.<init>#169: Registering GlobalMetrics periodic updates.
[cont-finish.d] executing container finish scripts...
[cont-finish.d] done.
[s6-finish] waiting for services.
[s6-finish] sending all processes the TERM signal.
[s6-finish] sending all processes the KILL signal and exiting.
[s6-init] making user provided files available at /var/run/s6/etc...exited 0.
[s6-init] ensuring user provided files have correct perms...exited 0.
[fix-attrs.d] applying ownership & permissions fixes...
[fix-attrs.d] done.
[cont-init.d] executing container initialization scripts...
[cont-init.d] 01-set-timezone: executing... 
[cont-init.d] 01-set-timezone: exited 0.
[cont-init.d] 10-config: executing... 
[cont-init.d] 10-config: exited 0.
[cont-init.d] done.
[services.d] starting services
[services.d] done.
Jicofo 2024-06-29 21:55:26.774 INFO: [1] Main.main#47: Starting Jicofo.
Jicofo 2024-06-29 21:55:27.126 INFO: [1] JitsiConfig.<clinit>#47: Initialized newConfig: merge of /config/jicofo.conf: 1,system properties,reference.conf @ jar:file:/usr/share/jicofo/lib/jicofo-selector-1.0-1081.jar!/reference.conf: 1
Jicofo 2024-06-29 21:55:27.132 INFO: [1] ReadOnlyConfigurationService.reloadConfiguration#40: net.java.sip.communicator.SC_HOME_DIR_LOCATION not set
Jicofo 2024-06-29 21:55:27.134 INFO: [1] JitsiConfig.<clinit>#68: Initialized legacyConfig: sip communicator props (no description provided)
Jicofo 2024-06-29 21:55:27.155 INFO: [1] JitsiConfig$Companion.reloadNewConfig#94: Reloading the Typesafe config source (previously reloaded 0 times).
Jicofo 2024-06-29 21:55:27.609 INFO: [1] Smack.initialize#30: Setting XML parsing limits.
Jicofo 2024-06-29 21:55:27.624 INFO: [1] Smack.initialize#42: Using JitsiXmppStringprep.
Jicofo 2024-06-29 21:55:27.853 INFO: [1] MetricsUpdater.addUpdateTask#45: Scheduling metrics update task with interval PT30S.
Jicofo 2024-06-29 21:55:27.875 INFO: [1] JicofoServices.createAuthenticationAuthority#209: Authentication service disabled.
Jicofo 2024-06-29 21:55:27.952 WARNING: [1] [xmpp_connection=client] XmppProviderKt.createXmppConnection#317: Disabling TLS certificate verification!
Jicofo 2024-06-29 21:55:28.042 INFO: [1] XmppServices.<init>#45: No dedicated Service XMPP connection configured, re-using the client XMPP connection.
Jicofo 2024-06-29 21:55:28.061 INFO: [1] XmppServices.<init>#75: No Jigasi detector configured.
Jicofo 2024-06-29 21:55:28.066 INFO: [1] AvModerationHandler.componentsChanged#112: No av_moderation component discovered.
Jicofo 2024-06-29 21:55:28.079 INFO: [1] RoomMetadataHandler.componentsChanged#96: No room_metadata component discovered.
Jicofo 2024-06-29 21:55:28.084 INFO: [1] [connection=client] VisitorsManager.updateAddress#57: VisitorsComponentManager is now disabled with address null
Jicofo 2024-06-29 21:55:28.100 INFO: [1] ConferenceIqHandler.componentsChanged#208: No breakout room component discovered.
Jicofo 2024-06-29 21:55:28.117 INFO: [1] BridgeSelector.<init>#57: Using org.jitsi.jicofo.bridge.SingleBridgeSelectionStrategy
Jicofo 2024-06-29 21:55:28.138 INFO: [1] [type=bridge brewery=jvbbrewery] BaseBrewery.<init>#101: Initialized with JID=jvbbrewery@internal-muc.meet.jitsi
Jicofo 2024-06-29 21:55:28.139 INFO: [1] JicofoServices.<init>#111: No Jibri detector configured.
Jicofo 2024-06-29 21:55:28.139 INFO: [1] JicofoServices.<init>#117: No SIP Jibri detector configured.
Jicofo 2024-06-29 21:55:28.187 INFO: [1] JicofoServices.<init>#146: Starting HTTP server with config: host=null, port=8888, tlsPort=8843, isTls=false, keyStorePath=null, sendServerVersion=false, [TLSv1.2, TLSv1.3]=[TLSv1.2, TLSv1.3], tlsCipherSuites=[TLS_ECDHE_ECDSA_WITH_AES_256_GCM_SHA384, TLS_ECDHE_RSA_WITH_AES_256_GCM_SHA384, TLS_ECDHE_ECDSA_WITH_AES_128_GCM_SHA256, TLS_ECDHE_RSA_WITH_AES_128_GCM_SHA256, TLS_ECDHE_ECDSA_WITH_CHACHA20_POLY1305_SHA256, TLS_ECDHE_RSA_WITH_CHACHA20_POLY1305_SHA256, TLS_DHE_RSA_WITH_AES_256_GCM_SHA384, TLS_DHE_RSA_WITH_AES_128_GCM_SHA256].
Jicofo 2024-06-29 21:55:28.369 INFO: [15] [xmpp_connection=client] XmppProvider.doConnect#168: Connected, JID=null
Jicofo 2024-06-29 21:55:28.411 INFO: [1] org.eclipse.jetty.server.Server.doStart: jetty-11.0.20; built: 2024-01-29T21:04:22.394Z; git: 922f8dc188f7011e60d0361de585fd4ac4d63064; jvm 17.0.11+9-Debian-1deb12u1
Jicofo 2024-06-29 21:55:28.470 INFO: [15] [xmpp_connection=client] XmppProvider.fireRegistrationStateChanged#218: Set replyTimeout=PT15S
Jicofo 2024-06-29 21:55:28.471 INFO: [15] [xmpp_connection=client] XmppProvider$connectionListener$1.authenticated#98: Registered.
Jicofo 2024-06-29 21:55:28.472 INFO: [15] [xmpp_connection=client] XmppProvider$connectionListener$1.authenticated#100: Will discover components for meet.jitsi
Jicofo 2024-06-29 21:55:28.479 WARNING: [32] [xmpp_connection=client] XmppProvider.setComponents#77: Discovered components: [Component(type=end_conference, address=endconference.meet.jitsi), Component(type=speakerstats, address=speakerstats.meet.jitsi), Component(type=room_metadata, address=metadata.meet.jitsi), Component(type=breakout_rooms, address=breakout.meet.jitsi), Component(type=conference_duration, address=conferenceduration.meet.jitsi), Component(type=av_moderation, address=avmoderation.meet.jitsi), Component(type=lobbyrooms, address=lobby.meet.jitsi)]
Jicofo 2024-06-29 21:55:28.479 INFO: [26] AvModerationHandler.componentsChanged#115: Using av_moderation component at avmoderation.meet.jitsi.
Jicofo 2024-06-29 21:55:28.480 INFO: [26] RoomMetadataHandler.componentsChanged#99: Using room_metadata component at metadata.meet.jitsi.
Jicofo 2024-06-29 21:55:28.480 INFO: [26] [connection=client] VisitorsManager.updateAddress#57: VisitorsComponentManager is now disabled with address null
Jicofo 2024-06-29 21:55:28.480 INFO: [26] ConferenceIqHandler.componentsChanged#211: Using breakout room component at breakout.meet.jitsi.
Jicofo 2024-06-29 21:55:28.542 INFO: [34] [type=bridge brewery=jvbbrewery] BaseBrewery.start#177: Joined the room.
Jicofo 2024-06-29 21:55:28.752 INFO: [28] [type=bridge brewery=jvbbrewery] BaseBrewery.addInstance#347: Added brewery instance: jvbbrewery@internal-muc.meet.jitsi/c7e2f95ee80b
Jicofo 2024-06-29 21:55:28.755 INFO: [28] BridgeSelector.addJvbAddress#96: Added new videobridge: Bridge[jid=jvbbrewery@internal-muc.meet.jitsi/c7e2f95ee80b, version=2.3.109-gacf024b7, relayId=null, region=null, stress=0.00]
Jicofo 2024-06-29 21:55:28.787 INFO: [38] JvbDoctor.bridgeAdded#128: Scheduled health-check task for: Bridge[jid=jvbbrewery@internal-muc.meet.jitsi/c7e2f95ee80b, version=2.3.109-gacf024b7, relayId=null, region=null, stress=0.00]
Jicofo 2024-06-29 21:55:28.821 WARNING: [1] org.glassfish.jersey.server.wadl.WadlFeature.configure: JAXBContext implementation could not be found. WADL feature is disabled.
Jicofo 2024-06-29 21:55:28.899 WARNING: [1] org.glassfish.jersey.internal.inject.Providers.checkProviderRuntime: A provider org.jitsi.rest.Version registered in SERVER runtime does not implement any provider interfaces applicable in the SERVER runtime. Due to constraint configuration problems the provider org.jitsi.rest.Version will be ignored. 
Jicofo 2024-06-29 21:55:28.899 WARNING: [1] org.glassfish.jersey.internal.inject.Providers.checkProviderRuntime: A provider org.jitsi.rest.prometheus.Prometheus registered in SERVER runtime does not implement any provider interfaces applicable in the SERVER runtime. Due to constraint configuration problems the provider org.jitsi.rest.prometheus.Prometheus will be ignored. 
Jicofo 2024-06-29 21:55:28.899 WARNING: [1] org.glassfish.jersey.internal.inject.Providers.checkProviderRuntime: A provider org.jitsi.jicofo.rest.ConferenceRequest registered in SERVER runtime does not implement any provider interfaces applicable in the SERVER runtime. Due to constraint configuration problems the provider org.jitsi.jicofo.rest.ConferenceRequest will be ignored. 
Jicofo 2024-06-29 21:55:29.038 INFO: [1] org.eclipse.jetty.server.handler.ContextHandler.doStart: Started o.e.j.s.ServletContextHandler@1e8fb66f{/,null,AVAILABLE}
Jicofo 2024-06-29 21:55:29.042 INFO: [1] org.eclipse.jetty.server.AbstractConnector.doStart: Started ServerConnector@376e7531{HTTP/1.1, (http/1.1)}{0.0.0.0:8888}
Jicofo 2024-06-29 21:55:29.046 INFO: [1] org.eclipse.jetty.server.Server.doStart: Started Server@778db7c5{STARTING}[11.0.20,sto=0] @2515ms
Jicofo 2024-06-29 21:55:29.046 INFO: [1] JicofoServices.<init>#169: Registering GlobalMetrics periodic updates.
