[s6-init] making user provided files available at /var/run/s6/etc...exited 0.
[s6-init] ensuring user provided files have correct perms...exited 0.
[fix-attrs.d] applying ownership & permissions fixes...
[fix-attrs.d] done.
[cont-init.d] executing container initialization scripts...
[cont-init.d] 01-set-timezone: executing... 
[cont-init.d] 01-set-timezone: exited 0.
[cont-init.d] 10-config: executing... 
Adding user `prosody' to group `sasl' ...
Done.
mkdir: cannot create directory '/config/certs': File exists
Prosody normal mode, using default config
The given hostname does not exist in the config
mv: cannot stat '/config/data/*.crt': No such file or directory
mv: cannot stat '/config/data/*.key': No such file or directory
[cont-init.d] 10-config: exited 0.
[cont-init.d] done.
[services.d] starting services
[services.d] done.
2024-06-26 21:10:03 startup             info	Hello and welcome to Prosody version 0.12.4
saslauthd[255] :num_procs  : 5
saslauthd[255] :mech_option: /etc/saslauthd.conf
saslauthd[255] :run_path   : /var/run/saslauthd
saslauthd[255] :auth_mech  : ldap
2024-06-26 21:10:03 startup             info	Prosody is using the epoll backend for connection handling
saslauthd[255] :mmaped shared memory segment on file: /var/run/saslauthd/cache.mmap
2024-06-26 21:10:03 endconference.meet.jitsi:end_conference  info	Starting end_conference for muc.meet.jitsi
saslauthd[255] :bucket size: 96 bytes
saslauthd[255] :stats size : 36 bytes
saslauthd[255] :timeout    : 28800 seconds
saslauthd[255] :cache table: 985828 total bytes
saslauthd[255] :cache table: 1711 slots
saslauthd[255] :cache table: 10266 buckets
saslauthd[255] :flock file opened at /var/run/saslauthd/cache.flock
saslauthd[255] :using accept lock file: /var/run/saslauthd/mux.accept
saslauthd[255] :master pid is: 0
saslauthd[255] :listening on socket: /var/run/saslauthd/mux
saslauthd[255] :using process model
saslauthd[255] :forked child: 273
saslauthd[255] :forked child: 274
saslauthd[273] :acquired accept lock
saslauthd[255] :forked child: 275
saslauthd[255] :forked child: 276
2024-06-26 21:10:03 endconference.meet.jitsi:tls             info	Certificates loaded
2024-06-26 21:10:03 lobby.meet.jitsi:tls                     info	Certificates loaded
2024-06-26 21:10:03 internal-muc.meet.jitsi:tls              info	Certificates loaded
2024-06-26 21:10:03 speakerstats.meet.jitsi:speakerstats_component  info	Starting speakerstats for muc.meet.jitsi
2024-06-26 21:10:03 speakerstats.meet.jitsi:speakerstats_component  info	No host/component found, will wait for it: muc.meet.jitsi
2024-06-26 21:10:03 speakerstats.meet.jitsi:speakerstats_component  info	No host/component found, will wait for it: breakout.meet.jitsi
2024-06-26 21:10:03 speakerstats.meet.jitsi:tls                     info	Certificates loaded
2024-06-26 21:10:03 conferenceduration.meet.jitsi:conference_duration_component  info	Starting conference duration timer for muc.meet.jitsi
2024-06-26 21:10:03 conferenceduration.meet.jitsi:conference_duration_component  info	No host/component found, will wait for it: muc.meet.jitsi
2024-06-26 21:10:03 conferenceduration.meet.jitsi:tls                            info	Certificates loaded
2024-06-26 21:10:03 speakerstats.meet.jitsi:speakerstats_component               info	Conference component loaded muc.meet.jitsi
2024-06-26 21:10:03 speakerstats.meet.jitsi:speakerstats_component               info	Hook to muc events on muc.meet.jitsi
2024-06-26 21:10:03 speakerstats.meet.jitsi:speakerstats_component               info	Main muc service table: 0xaaaad377ef60
2024-06-26 21:10:03 muc.meet.jitsi:tls                                           info	Certificates loaded
2024-06-26 21:10:03 muc.meet.jitsi:muc_domain_mapper                             info	Loading mod_muc_domain_mapper for host muc.meet.jitsi!
2024-06-26 21:10:03 muc.meet.jitsi:muc_domain_mapper                             info	Loading mod_muc_domain_mapper for host endconference.meet.jitsi!
2024-06-26 21:10:03 muc.meet.jitsi:muc_domain_mapper                             info	Loading mod_muc_domain_mapper for host lobby.meet.jitsi!
2024-06-26 21:10:03 muc.meet.jitsi:muc_domain_mapper                             info	Loading mod_muc_domain_mapper for host internal-muc.meet.jitsi!
2024-06-26 21:10:03 muc.meet.jitsi:muc_domain_mapper                             info	Loading mod_muc_domain_mapper for host speakerstats.meet.jitsi!
2024-06-26 21:10:03 muc.meet.jitsi:muc_domain_mapper                             info	Loading mod_muc_domain_mapper for host conferenceduration.meet.jitsi!
2024-06-26 21:10:03 muc.meet.jitsi:muc_domain_mapper                             info	Loading mod_muc_domain_mapper for host auth.meet.jitsi!
2024-06-26 21:10:03 auth.meet.jitsi:tls                                          info	Certificates loaded
2024-06-26 21:10:03 portmanager                                                  info	Activated service 'c2s' on [::]:5222, [*]:5222
2024-06-26 21:10:03 portmanager                                                  info	Activated service 'c2s_direct_tls' on no ports
2024-06-26 21:10:03 portmanager                                                  info	Activated service 'legacy_ssl' on no ports
2024-06-26 21:10:03 muc.meet.jitsi:muc_domain_mapper                             info	Loading mod_muc_domain_mapper for host metadata.meet.jitsi!
2024-06-26 21:10:03 metadata.meet.jitsi:room_metadata_component                  info	Starting room metadata for muc.meet.jitsi
2024-06-26 21:10:03 metadata.meet.jitsi:room_metadata_component                  info	Hook to muc events on muc.meet.jitsi
2024-06-26 21:10:03 metadata.meet.jitsi:room_metadata_component                  info	No host/component found, will wait for it: breakout.meet.jitsi
2024-06-26 21:10:03 metadata.meet.jitsi:tls                                      info	Certificates loaded
2024-06-26 21:10:03 focus.meet.jitsi:tls                                         info	Certificates loaded
2024-06-26 21:10:03 muc.meet.jitsi:muc_domain_mapper                             info	Loading mod_muc_domain_mapper for host focus.meet.jitsi!
2024-06-26 21:10:03 metadata.meet.jitsi:room_metadata_component                  info	Hook to muc events on breakout.meet.jitsi
2024-06-26 21:10:03 breakout.meet.jitsi:tls                                      info	Certificates loaded
2024-06-26 21:10:03 muc.meet.jitsi:muc_domain_mapper                             info	Loading mod_muc_domain_mapper for host breakout.meet.jitsi!
2024-06-26 21:10:03 speakerstats.meet.jitsi:speakerstats_component               info	Breakout component loaded breakout.meet.jitsi
2024-06-26 21:10:03 speakerstats.meet.jitsi:speakerstats_component               info	Hook to muc events on breakout.meet.jitsi
2024-06-26 21:10:03 avmoderation.meet.jitsi:av_moderation_component              info	Starting av_moderation for muc.meet.jitsi
2024-06-26 21:10:03 avmoderation.meet.jitsi:av_moderation_component              info	Hook to muc events on muc.meet.jitsi
2024-06-26 21:10:03 avmoderation.meet.jitsi:tls                                  info	Certificates loaded
2024-06-26 21:10:03 muc.meet.jitsi:muc_domain_mapper                             info	Loading mod_muc_domain_mapper for host avmoderation.meet.jitsi!
2024-06-26 21:10:03 portmanager                                                  info	Activated service 'http' on [::]:5280, [*]:5280
2024-06-26 21:10:03 portmanager                                                  info	Activated service 'https' on no ports
2024-06-26 21:10:03 meet.jitsi:http                                              info	Serving 'bosh' at http://meet.jitsi:5280/http-bind
2024-06-26 21:10:04 meet.jitsi:http                                              info	Serving 'websocket' at http://meet.jitsi:5280/xmpp-websocket
2024-06-26 21:10:04 meet.jitsi:tls                                               info	Certificates loaded
2024-06-26 21:10:04 meet.jitsi:muc_lobby_rooms                                   info	Lobby component loaded lobby.meet.jitsi
2024-06-26 21:10:04 meet.jitsi:room_destroy                                      info	loaded
2024-06-26 21:10:04 meet.jitsi:muc_breakout_rooms                                info	Breakout rooms component created breakout.meet.jitsi
2024-06-26 21:10:04 meet.jitsi:muc_breakout_rooms                                info	Hook to muc events on breakout.meet.jitsi
2024-06-26 21:10:04 meet.jitsi:muc_breakout_rooms                                info	Hook to muc events on muc.meet.jitsi
2024-06-26 21:10:04 muc.meet.jitsi:muc_domain_mapper                             info	Loading mod_muc_domain_mapper for host meet.jitsi!
2024-06-26 21:10:04 c2saaaad3cd2ee0                                              info	Client connected
2024-06-26 21:10:04 c2saaaad3cd2ee0                                              info	Stream encrypted (TLSv1.3 with TLS_AES_256_GCM_SHA384)
2024-06-26 21:10:04 c2saaaad3ce2160                                              info	Client connected
2024-06-26 21:10:04 c2saaaad3cd2ee0                                              info	Authenticated as focus@auth.meet.jitsi
2024-06-26 21:10:04 auth.meet.jitsi:limits_exception                             info	Setting stanza size limits for focus@auth.meet.jitsi to 10485760
2024-06-26 21:10:04 c2saaaad3ce2160                                              info	Stream encrypted (TLSv1.3 with TLS_AES_256_GCM_SHA384)
2024-06-26 21:10:04 c2saaaad3ce2160                                              info	Authenticated as jvb@auth.meet.jitsi
2024-06-26 21:10:04 auth.meet.jitsi:limits_exception                             info	Setting stanza size limits for jvb@auth.meet.jitsi to 10485760
2024-06-26 21:13:30 c2saaaad41906c0                                              info	Client connected
2024-06-26 21:13:31 c2saaaad41906c0                                              info	Authenticated as 54c934a3-b056-492b-9754-47583f869113@meet.jitsi
2024-06-26 21:14:40 c2saaaad41906c0                                              info	Client disconnected: connection closed
saslauthd[255] :pid file lock removed: /var/run/saslauthd/saslauthd.pid.lock
saslauthd[274] :child exited: 274
saslauthd[275] :child exited: 275
saslauthd[276] :child exited: 276
saslauthd[255] :flock file removed: /var/run/saslauthd/cache.flock
saslauthd[273] :child exited: 273
saslauthd[255] :cache mmap file removed: /var/run/saslauthd/cache.mmap
saslauthd[255] :accept lock file removed: /var/run/saslauthd/mux.accept
saslauthd[255] :socket removed: /var/run/saslauthd/mux
saslauthd[255] :master exited: 0
2024-06-29 19:51:19 mod_posix                                                    warn	Received SIGTERM
2024-06-29 19:51:19 startup                                                      info	Shutting down: Received SIGTERM
2024-06-29 19:51:19 portmanager                                                  info	Deactivated service 'c2s'
2024-06-29 19:51:19 portmanager                                                  info	Deactivated service 'c2s_direct_tls'
2024-06-29 19:51:19 portmanager                                                  info	Deactivated service 'legacy_ssl'
2024-06-29 19:51:19 mod_c2s                                                      info	Waiting for sessions to close
2024-06-29 19:51:19 c2saaaad3cd2ee0                                              info	Client disconnected: connection closed
2024-06-29 19:51:19 c2saaaad3ce2160                                              info	Client disconnected: connection closed
2024-06-29 19:51:19 general                                                      info	Shutting down...
2024-06-29 19:51:19 general                                                      info	Shutdown status: Cleaning up
2024-06-29 19:51:19 general                                                      info	Shutdown complete
[cont-finish.d] executing container finish scripts...
[cont-finish.d] done.
[s6-finish] waiting for services.
[s6-finish] sending all processes the TERM signal.
[s6-finish] sending all processes the KILL signal and exiting.
[s6-init] making user provided files available at /var/run/s6/etc...exited 0.
[s6-init] ensuring user provided files have correct perms...exited 0.
[fix-attrs.d] applying ownership & permissions fixes...
[fix-attrs.d] done.
[cont-init.d] executing container initialization scripts...
[cont-init.d] 01-set-timezone: executing... 
[cont-init.d] 01-set-timezone: exited 0.
[cont-init.d] 10-config: executing... 
mkdir: cannot create directory '/config/certs': File exists
Prosody normal mode, using default config
The given hostname does not exist in the config
mv: cannot stat '/config/data/*.crt': No such file or directory
mv: cannot stat '/config/data/*.key': No such file or directory
[cont-init.d] 10-config: exited 0.
[cont-init.d] done.
[services.d] starting services
[services.d] done.
saslauthd[242] :num_procs  : 5
saslauthd[242] :mech_option: /etc/saslauthd.conf
saslauthd[242] :run_path   : /var/run/saslauthd
saslauthd[242] :auth_mech  : ldap
saslauthd[242] :mmaped shared memory segment on file: /var/run/saslauthd/cache.mmap
saslauthd[242] :bucket size: 96 bytes
saslauthd[242] :stats size : 36 bytes
saslauthd[242] :timeout    : 28800 seconds
saslauthd[242] :cache table: 985828 total bytes
saslauthd[242] :cache table: 1711 slots
saslauthd[242] :cache table: 10266 buckets
saslauthd[242] :flock file opened at /var/run/saslauthd/cache.flock
saslauthd[242] :using accept lock file: /var/run/saslauthd/mux.accept
saslauthd[242] :master pid is: 0
saslauthd[242] :listening on socket: /var/run/saslauthd/mux
saslauthd[242] :using process model
saslauthd[242] :forked child: 260
2024-06-29 19:51:28 startup             info	Hello and welcome to Prosody version 0.12.4
saslauthd[242] :forked child: 261
saslauthd[260] :acquired accept lock
saslauthd[242] :forked child: 262
saslauthd[242] :forked child: 263
2024-06-29 19:51:28 startup             info	Prosody is using the epoll backend for connection handling
2024-06-29 19:51:28 avmoderation.meet.jitsi:av_moderation_component  info	Starting av_moderation for muc.meet.jitsi
2024-06-29 19:51:28 avmoderation.meet.jitsi:av_moderation_component  info	No host/component found, will wait for it: muc.meet.jitsi
2024-06-29 19:51:28 avmoderation.meet.jitsi:tls                      info	Certificates loaded
2024-06-29 19:51:28 internal-muc.meet.jitsi:tls                      info	Certificates loaded
2024-06-29 19:51:28 speakerstats.meet.jitsi:speakerstats_component   info	Starting speakerstats for muc.meet.jitsi
2024-06-29 19:51:28 speakerstats.meet.jitsi:speakerstats_component   info	No host/component found, will wait for it: muc.meet.jitsi
2024-06-29 19:51:28 speakerstats.meet.jitsi:speakerstats_component   info	No host/component found, will wait for it: breakout.meet.jitsi
2024-06-29 19:51:28 speakerstats.meet.jitsi:tls                      info	Certificates loaded
2024-06-29 19:51:28 portmanager                                      info	Activated service 'c2s' on [::]:5222, [*]:5222
2024-06-29 19:51:28 portmanager                                      info	Activated service 'c2s_direct_tls' on no ports
2024-06-29 19:51:28 portmanager                                      info	Activated service 'legacy_ssl' on no ports
2024-06-29 19:51:28 auth.meet.jitsi:tls                              info	Certificates loaded
2024-06-29 19:51:28 speakerstats.meet.jitsi:speakerstats_component   info	Conference component loaded muc.meet.jitsi
2024-06-29 19:51:28 avmoderation.meet.jitsi:av_moderation_component  info	Hook to muc events on muc.meet.jitsi
2024-06-29 19:51:28 speakerstats.meet.jitsi:speakerstats_component   info	Hook to muc events on muc.meet.jitsi
2024-06-29 19:51:28 speakerstats.meet.jitsi:speakerstats_component   info	Main muc service table: 0xaaaab9cc26a0
2024-06-29 19:51:28 muc.meet.jitsi:tls                               info	Certificates loaded
2024-06-29 19:51:28 muc.meet.jitsi:muc_domain_mapper                 info	Loading mod_muc_domain_mapper for host avmoderation.meet.jitsi!
2024-06-29 19:51:28 muc.meet.jitsi:muc_domain_mapper                 info	Loading mod_muc_domain_mapper for host internal-muc.meet.jitsi!
2024-06-29 19:51:28 muc.meet.jitsi:muc_domain_mapper                 info	Loading mod_muc_domain_mapper for host speakerstats.meet.jitsi!
2024-06-29 19:51:28 muc.meet.jitsi:muc_domain_mapper                 info	Loading mod_muc_domain_mapper for host auth.meet.jitsi!
2024-06-29 19:51:28 muc.meet.jitsi:muc_domain_mapper                 info	Loading mod_muc_domain_mapper for host muc.meet.jitsi!
2024-06-29 19:51:28 muc.meet.jitsi:muc_domain_mapper                 info	Loading mod_muc_domain_mapper for host focus.meet.jitsi!
2024-06-29 19:51:28 focus.meet.jitsi:tls                             info	Certificates loaded
2024-06-29 19:51:28 muc.meet.jitsi:muc_domain_mapper                 info	Loading mod_muc_domain_mapper for host meet.jitsi!
2024-06-29 19:51:28 portmanager                                      info	Activated service 'http' on [::]:5280, [*]:5280
2024-06-29 19:51:28 portmanager                                      info	Activated service 'https' on no ports
2024-06-29 19:51:28 meet.jitsi:http                                  info	Serving 'bosh' at http://meet.jitsi:5280/http-bind
2024-06-29 19:51:28 meet.jitsi:tls                                   info	Certificates loaded
2024-06-29 19:51:28 meet.jitsi:room_destroy                          info	loaded
2024-06-29 19:51:28 meet.jitsi:muc_breakout_rooms                    info	No host/component found, will wait for it: breakout.meet.jitsi
2024-06-29 19:51:28 meet.jitsi:muc_breakout_rooms                    info	Hook to muc events on muc.meet.jitsi
2024-06-29 19:51:28 meet.jitsi:http                                  info	Serving 'websocket' at http://meet.jitsi:5280/xmpp-websocket
2024-06-29 19:51:28 meet.jitsi:muc_lobby_rooms                       info	No host/component found, will wait for it: lobby.meet.jitsi
2024-06-29 19:51:28 breakout.meet.jitsi:tls                          info	Certificates loaded
2024-06-29 19:51:28 meet.jitsi:muc_breakout_rooms                    info	Breakout rooms component created breakout.meet.jitsi
2024-06-29 19:51:28 meet.jitsi:muc_breakout_rooms                    info	Hook to muc events on breakout.meet.jitsi
2024-06-29 19:51:28 muc.meet.jitsi:muc_domain_mapper                 info	Loading mod_muc_domain_mapper for host breakout.meet.jitsi!
2024-06-29 19:51:28 speakerstats.meet.jitsi:speakerstats_component   info	Breakout component loaded breakout.meet.jitsi
2024-06-29 19:51:28 speakerstats.meet.jitsi:speakerstats_component   info	Hook to muc events on breakout.meet.jitsi
2024-06-29 19:51:28 lobby.meet.jitsi:tls                             info	Certificates loaded
2024-06-29 19:51:28 muc.meet.jitsi:muc_domain_mapper                 info	Loading mod_muc_domain_mapper for host lobby.meet.jitsi!
2024-06-29 19:51:28 meet.jitsi:muc_lobby_rooms                       info	Lobby component loaded lobby.meet.jitsi
2024-06-29 19:51:28 endconference.meet.jitsi:end_conference          info	Starting end_conference for muc.meet.jitsi
2024-06-29 19:51:28 endconference.meet.jitsi:tls                     info	Certificates loaded
2024-06-29 19:51:28 muc.meet.jitsi:muc_domain_mapper                 info	Loading mod_muc_domain_mapper for host endconference.meet.jitsi!
2024-06-29 19:51:28 conferenceduration.meet.jitsi:conference_duration_component  info	Starting conference duration timer for muc.meet.jitsi
2024-06-29 19:51:28 conferenceduration.meet.jitsi:tls                            info	Certificates loaded
2024-06-29 19:51:28 muc.meet.jitsi:muc_domain_mapper                             info	Loading mod_muc_domain_mapper for host conferenceduration.meet.jitsi!
2024-06-29 19:51:28 metadata.meet.jitsi:room_metadata_component                  info	Starting room metadata for muc.meet.jitsi
2024-06-29 19:51:28 metadata.meet.jitsi:room_metadata_component                  info	Hook to muc events on muc.meet.jitsi
2024-06-29 19:51:28 metadata.meet.jitsi:room_metadata_component                  info	Hook to muc events on breakout.meet.jitsi
2024-06-29 19:51:28 metadata.meet.jitsi:tls                                      info	Certificates loaded
2024-06-29 19:51:28 muc.meet.jitsi:muc_domain_mapper                             info	Loading mod_muc_domain_mapper for host metadata.meet.jitsi!
2024-06-29 19:51:32 c2saaaaba2c0980                                              info	Client connected
2024-06-29 19:51:32 c2saaaaba2c0980                                              info	Stream encrypted (TLSv1.3 with TLS_AES_256_GCM_SHA384)
2024-06-29 19:51:32 c2saaaaba2dab00                                              info	Client connected
2024-06-29 19:51:32 c2saaaaba2c0980                                              info	Authenticated as focus@auth.meet.jitsi
2024-06-29 19:51:32 auth.meet.jitsi:limits_exception                             info	Setting stanza size limits for focus@auth.meet.jitsi to 10485760
2024-06-29 19:51:33 c2saaaaba2dab00                                              info	Stream encrypted (TLSv1.3 with TLS_AES_256_GCM_SHA384)
2024-06-29 19:51:33 c2saaaaba2dab00                                              info	Authenticated as jvb@auth.meet.jitsi
2024-06-29 19:51:33 auth.meet.jitsi:limits_exception                             info	Setting stanza size limits for jvb@auth.meet.jitsi to 10485760
saslauthd[242] :pid file lock removed: /var/run/saslauthd/saslauthd.pid.lock
saslauthd[242] :flock file removed: /var/run/saslauthd/cache.flock
saslauthd[261] :child exited: 261
saslauthd[242] :cache mmap file removed: /var/run/saslauthd/cache.mmap
saslauthd[242] :accept lock file removed: /var/run/saslauthd/mux.accept
saslauthd[242] :socket removed: /var/run/saslauthd/mux
saslauthd[242] :master exited: 0
saslauthd[262] :child exited: 262
saslauthd[260] :child exited: 260
saslauthd[263] :child exited: 263
2024-06-29 19:53:02 mod_posix                                                    warn	Received SIGTERM
2024-06-29 19:53:02 startup                                                      info	Shutting down: Received SIGTERM
2024-06-29 19:53:02 portmanager                                                  info	Deactivated service 'c2s'
2024-06-29 19:53:02 portmanager                                                  info	Deactivated service 'c2s_direct_tls'
2024-06-29 19:53:02 portmanager                                                  info	Deactivated service 'legacy_ssl'
2024-06-29 19:53:02 mod_c2s                                                      info	Waiting for sessions to close
2024-06-29 19:53:02 c2saaaaba2dab00                                              info	Client disconnected: connection closed
2024-06-29 19:53:02 c2saaaaba2c0980                                              info	Client disconnected: connection closed
2024-06-29 19:53:02 general                                                      info	Shutting down...
2024-06-29 19:53:02 general                                                      info	Shutdown status: Cleaning up
2024-06-29 19:53:02 general                                                      info	Shutdown complete
[cont-finish.d] executing container finish scripts...
[cont-finish.d] done.
[s6-finish] waiting for services.
[s6-finish] sending all processes the TERM signal.
[s6-finish] sending all processes the KILL signal and exiting.
[s6-init] making user provided files available at /var/run/s6/etc...exited 0.
[s6-init] ensuring user provided files have correct perms...exited 0.
[fix-attrs.d] applying ownership & permissions fixes...
[fix-attrs.d] done.
[cont-init.d] executing container initialization scripts...
[cont-init.d] 01-set-timezone: executing... 
[cont-init.d] 01-set-timezone: exited 0.
[cont-init.d] 10-config: executing... 
mkdir: cannot create directory '/config/certs': File exists
Prosody normal mode, using default config
The given hostname does not exist in the config
mv: cannot stat '/config/data/*.crt': No such file or directory
mv: cannot stat '/config/data/*.key': No such file or directory
[cont-init.d] 10-config: exited 0.
[cont-init.d] done.
[services.d] starting services
[services.d] done.
saslauthd[248] :num_procs  : 5
saslauthd[248] :mech_option: /etc/saslauthd.conf
saslauthd[248] :run_path   : /var/run/saslauthd
saslauthd[248] :auth_mech  : ldap
saslauthd[248] :mmaped shared memory segment on file: /var/run/saslauthd/cache.mmap
saslauthd[248] :bucket size: 96 bytes
saslauthd[248] :stats size : 36 bytes
saslauthd[248] :timeout    : 28800 seconds
saslauthd[248] :cache table: 985828 total bytes
saslauthd[248] :cache table: 1711 slots
saslauthd[248] :cache table: 10266 buckets
saslauthd[248] :flock file opened at /var/run/saslauthd/cache.flock
saslauthd[248] :using accept lock file: /var/run/saslauthd/mux.accept
saslauthd[248] :master pid is: 0
saslauthd[248] :listening on socket: /var/run/saslauthd/mux
saslauthd[248] :using process model
saslauthd[248] :forked child: 261
saslauthd[248] :forked child: 262
saslauthd[248] :forked child: 263
saslauthd[261] :acquired accept lock
saslauthd[248] :forked child: 264
2024-06-29 19:53:11 startup             info	Hello and welcome to Prosody version 0.12.4
2024-06-29 19:53:11 startup             info	Prosody is using the epoll backend for connection handling
2024-06-29 19:53:11 internal-muc.meet.jitsi:tls  info	Certificates loaded
2024-06-29 19:53:11 metadata.meet.jitsi:room_metadata_component  info	Starting room metadata for muc.meet.jitsi
2024-06-29 19:53:11 metadata.meet.jitsi:room_metadata_component  info	No host/component found, will wait for it: muc.meet.jitsi
2024-06-29 19:53:11 metadata.meet.jitsi:room_metadata_component  info	No host/component found, will wait for it: breakout.meet.jitsi
2024-06-29 19:53:11 metadata.meet.jitsi:tls                      info	Certificates loaded
2024-06-29 19:53:11 meet.jitsi:room_destroy                      info	loaded
2024-06-29 19:53:11 meet.jitsi:muc_breakout_rooms                info	No host/component found, will wait for it: breakout.meet.jitsi
2024-06-29 19:53:11 meet.jitsi:muc_breakout_rooms                info	No host/component found, will wait for it: muc.meet.jitsi
2024-06-29 19:53:11 meet.jitsi:muc_lobby_rooms                   info	No host/component found, will wait for it: lobby.meet.jitsi
2024-06-29 19:53:11 meet.jitsi:muc_lobby_rooms                   info	No host/component found, will wait for it: muc.meet.jitsi
2024-06-29 19:53:11 meet.jitsi:conference_duration               info	No host/component found, will wait for it: muc.meet.jitsi
2024-06-29 19:53:11 portmanager                                  info	Activated service 'c2s' on [*]:5222, [::]:5222
2024-06-29 19:53:11 portmanager                                  info	Activated service 'c2s_direct_tls' on no ports
2024-06-29 19:53:11 portmanager                                  info	Activated service 'legacy_ssl' on no ports
2024-06-29 19:53:11 portmanager                                  info	Activated service 'http' on [*]:5280, [::]:5280
2024-06-29 19:53:11 portmanager                                  info	Activated service 'https' on no ports
2024-06-29 19:53:11 meet.jitsi:http                              info	Serving 'websocket' at http://meet.jitsi:5280/xmpp-websocket
2024-06-29 19:53:12 meet.jitsi:http                              info	Serving 'bosh' at http://meet.jitsi:5280/http-bind
2024-06-29 19:53:12 meet.jitsi:tls                               info	Certificates loaded
2024-06-29 19:53:12 speakerstats.meet.jitsi:speakerstats_component  info	Starting speakerstats for muc.meet.jitsi
2024-06-29 19:53:12 speakerstats.meet.jitsi:speakerstats_component  info	No host/component found, will wait for it: muc.meet.jitsi
2024-06-29 19:53:12 speakerstats.meet.jitsi:speakerstats_component  info	No host/component found, will wait for it: breakout.meet.jitsi
2024-06-29 19:53:12 speakerstats.meet.jitsi:tls                     info	Certificates loaded
2024-06-29 19:53:12 meet.jitsi:muc_breakout_rooms                   info	Breakout rooms component created breakout.meet.jitsi
2024-06-29 19:53:12 speakerstats.meet.jitsi:speakerstats_component  info	Breakout component loaded breakout.meet.jitsi
2024-06-29 19:53:12 metadata.meet.jitsi:room_metadata_component     info	Hook to muc events on breakout.meet.jitsi
2024-06-29 19:53:12 meet.jitsi:muc_breakout_rooms                   info	Hook to muc events on breakout.meet.jitsi
2024-06-29 19:53:12 speakerstats.meet.jitsi:speakerstats_component  info	Hook to muc events on breakout.meet.jitsi
2024-06-29 19:53:12 breakout.meet.jitsi:tls                         info	Certificates loaded
2024-06-29 19:53:12 speakerstats.meet.jitsi:speakerstats_component  info	Conference component loaded muc.meet.jitsi
2024-06-29 19:53:12 speakerstats.meet.jitsi:speakerstats_component  info	Hook to muc events on muc.meet.jitsi
2024-06-29 19:53:12 speakerstats.meet.jitsi:speakerstats_component  info	Main muc service table: 0xaaaaf31b1fb0
2024-06-29 19:53:12 muc.meet.jitsi:muc_domain_mapper                info	Loading mod_muc_domain_mapper for host muc.meet.jitsi!
2024-06-29 19:53:12 muc.meet.jitsi:muc_domain_mapper                info	Loading mod_muc_domain_mapper for host internal-muc.meet.jitsi!
2024-06-29 19:53:12 muc.meet.jitsi:muc_domain_mapper                info	Loading mod_muc_domain_mapper for host metadata.meet.jitsi!
2024-06-29 19:53:12 muc.meet.jitsi:muc_domain_mapper                info	Loading mod_muc_domain_mapper for host meet.jitsi!
2024-06-29 19:53:12 muc.meet.jitsi:muc_domain_mapper                info	Loading mod_muc_domain_mapper for host speakerstats.meet.jitsi!
2024-06-29 19:53:12 muc.meet.jitsi:muc_domain_mapper                info	Loading mod_muc_domain_mapper for host breakout.meet.jitsi!
2024-06-29 19:53:12 muc.meet.jitsi:tls                              info	Certificates loaded
2024-06-29 19:53:12 meet.jitsi:muc_breakout_rooms                   info	Hook to muc events on muc.meet.jitsi
2024-06-29 19:53:12 metadata.meet.jitsi:room_metadata_component     info	Hook to muc events on muc.meet.jitsi
2024-06-29 19:53:12 endconference.meet.jitsi:end_conference         info	Starting end_conference for muc.meet.jitsi
2024-06-29 19:53:12 endconference.meet.jitsi:tls                    info	Certificates loaded
2024-06-29 19:53:12 muc.meet.jitsi:muc_domain_mapper                info	Loading mod_muc_domain_mapper for host endconference.meet.jitsi!
2024-06-29 19:53:12 auth.meet.jitsi:tls                             info	Certificates loaded
2024-06-29 19:53:12 muc.meet.jitsi:muc_domain_mapper                info	Loading mod_muc_domain_mapper for host auth.meet.jitsi!
2024-06-29 19:53:12 avmoderation.meet.jitsi:av_moderation_component  info	Starting av_moderation for muc.meet.jitsi
2024-06-29 19:53:12 avmoderation.meet.jitsi:av_moderation_component  info	Hook to muc events on muc.meet.jitsi
2024-06-29 19:53:12 avmoderation.meet.jitsi:tls                      info	Certificates loaded
2024-06-29 19:53:12 muc.meet.jitsi:muc_domain_mapper                 info	Loading mod_muc_domain_mapper for host avmoderation.meet.jitsi!
2024-06-29 19:53:12 lobby.meet.jitsi:tls                             info	Certificates loaded
2024-06-29 19:53:12 muc.meet.jitsi:muc_domain_mapper                 info	Loading mod_muc_domain_mapper for host lobby.meet.jitsi!
2024-06-29 19:53:12 meet.jitsi:muc_lobby_rooms                       info	Lobby component loaded lobby.meet.jitsi
2024-06-29 19:53:12 focus.meet.jitsi:tls                             info	Certificates loaded
2024-06-29 19:53:12 muc.meet.jitsi:muc_domain_mapper                 info	Loading mod_muc_domain_mapper for host focus.meet.jitsi!
2024-06-29 19:53:12 conferenceduration.meet.jitsi:conference_duration_component  info	Starting conference duration timer for muc.meet.jitsi
2024-06-29 19:53:12 conferenceduration.meet.jitsi:tls                            info	Certificates loaded
2024-06-29 19:53:12 muc.meet.jitsi:muc_domain_mapper                             info	Loading mod_muc_domain_mapper for host conferenceduration.meet.jitsi!
2024-06-29 19:53:15 c2saaaaf39ca7f0                                              info	Client connected
2024-06-29 19:53:15 c2saaaaf39ca7f0                                              info	Stream encrypted (TLSv1.3 with TLS_AES_256_GCM_SHA384)
2024-06-29 19:53:15 c2saaaaf39ca7f0                                              info	Authenticated as jvb@auth.meet.jitsi
2024-06-29 19:53:15 auth.meet.jitsi:limits_exception                             info	Setting stanza size limits for jvb@auth.meet.jitsi to 10485760
2024-06-29 19:53:15 c2saaaaf3a45590                                              info	Client connected
2024-06-29 19:53:16 c2saaaaf3a45590                                              info	Stream encrypted (TLSv1.3 with TLS_AES_256_GCM_SHA384)
2024-06-29 19:53:16 c2saaaaf3a45590                                              info	Authenticated as focus@auth.meet.jitsi
2024-06-29 19:53:16 auth.meet.jitsi:limits_exception                             info	Setting stanza size limits for focus@auth.meet.jitsi to 10485760
saslauthd[248] :pid file lock removed: /var/run/saslauthd/saslauthd.pid.lock
saslauthd[248] :flock file removed: /var/run/saslauthd/cache.flock
saslauthd[248] :cache mmap file removed: /var/run/saslauthd/cache.mmap
saslauthd[248] :accept lock file removed: /var/run/saslauthd/mux.accept
saslauthd[248] :socket removed: /var/run/saslauthd/mux
saslauthd[248] :master exited: 0
saslauthd[263] :child exited: 263
saslauthd[261] :child exited: 261
2024-06-29 21:45:10 mod_posix                                                    warn	Received SIGTERM
2024-06-29 21:45:10 startup                                                      info	Shutting down: Received SIGTERM
2024-06-29 21:45:10 portmanager                                                  info	Deactivated service 'c2s'
2024-06-29 21:45:10 portmanager                                                  info	Deactivated service 'c2s_direct_tls'
2024-06-29 21:45:10 portmanager                                                  info	Deactivated service 'legacy_ssl'
saslauthd[264] :child exited: 264
2024-06-29 21:45:10 mod_c2s                                                      info	Waiting for sessions to close
2024-06-29 21:45:10 c2saaaaf3a45590                                              info	Client disconnected: connection closed
saslauthd[262] :child exited: 262
2024-06-29 21:45:10 c2saaaaf39ca7f0                                              info	Client disconnected: connection closed
2024-06-29 21:45:10 general                                                      info	Shutting down...
2024-06-29 21:45:10 general                                                      info	Shutdown status: Cleaning up
2024-06-29 21:45:10 general                                                      info	Shutdown complete
[cont-finish.d] executing container finish scripts...
[cont-finish.d] done.
[s6-finish] waiting for services.
[s6-finish] sending all processes the TERM signal.
[s6-finish] sending all processes the KILL signal and exiting.
[s6-init] making user provided files available at /var/run/s6/etc...exited 0.
[s6-init] ensuring user provided files have correct perms...exited 0.
[fix-attrs.d] applying ownership & permissions fixes...
[fix-attrs.d] done.
[cont-init.d] executing container initialization scripts...
[cont-init.d] 01-set-timezone: executing... 
[cont-init.d] 01-set-timezone: exited 0.
[cont-init.d] 10-config: executing... 
mkdir: cannot create directory '/config/certs': File exists
Prosody normal mode, using default config
The given hostname does not exist in the config
mv: cannot stat '/config/data/*.crt': No such file or directory
mv: cannot stat '/config/data/*.key': No such file or directory
[cont-init.d] 10-config: exited 0.
[cont-init.d] done.
[services.d] starting services
[services.d] done.
saslauthd[243] :num_procs  : 5
saslauthd[243] :mech_option: /etc/saslauthd.conf
saslauthd[243] :run_path   : /var/run/saslauthd
saslauthd[243] :auth_mech  : ldap
saslauthd[243] :mmaped shared memory segment on file: /var/run/saslauthd/cache.mmap
saslauthd[243] :bucket size: 96 bytes
saslauthd[243] :stats size : 36 bytes
saslauthd[243] :timeout    : 28800 seconds
saslauthd[243] :cache table: 985828 total bytes
saslauthd[243] :cache table: 1711 slots
saslauthd[243] :cache table: 10266 buckets
saslauthd[243] :flock file opened at /var/run/saslauthd/cache.flock
saslauthd[243] :using accept lock file: /var/run/saslauthd/mux.accept
saslauthd[243] :master pid is: 0
saslauthd[243] :listening on socket: /var/run/saslauthd/mux
saslauthd[243] :using process model
saslauthd[243] :forked child: 263
saslauthd[243] :forked child: 264
saslauthd[243] :forked child: 265
saslauthd[243] :forked child: 266
saslauthd[265] :acquired accept lock
2024-06-29 21:46:01 startup             info	Hello and welcome to Prosody version 0.12.4
2024-06-29 21:46:01 startup             info	Prosody is using the epoll backend for connection handling
2024-06-29 21:46:01 avmoderation.meet.jitsi:av_moderation_component  info	Starting av_moderation for muc.meet.jitsi
2024-06-29 21:46:01 avmoderation.meet.jitsi:av_moderation_component  info	No host/component found, will wait for it: muc.meet.jitsi
2024-06-29 21:46:01 avmoderation.meet.jitsi:tls                      info	Certificates loaded
2024-06-29 21:46:01 conferenceduration.meet.jitsi:conference_duration_component  info	Starting conference duration timer for muc.meet.jitsi
2024-06-29 21:46:01 conferenceduration.meet.jitsi:conference_duration_component  info	No host/component found, will wait for it: muc.meet.jitsi
2024-06-29 21:46:01 conferenceduration.meet.jitsi:tls                            info	Certificates loaded
2024-06-29 21:46:01 speakerstats.meet.jitsi:speakerstats_component               info	Starting speakerstats for muc.meet.jitsi
2024-06-29 21:46:01 speakerstats.meet.jitsi:speakerstats_component               info	No host/component found, will wait for it: muc.meet.jitsi
2024-06-29 21:46:01 speakerstats.meet.jitsi:speakerstats_component               info	No host/component found, will wait for it: breakout.meet.jitsi
2024-06-29 21:46:01 speakerstats.meet.jitsi:tls                                  info	Certificates loaded
2024-06-29 21:46:01 auth.meet.jitsi:tls                                          info	Certificates loaded
2024-06-29 21:46:01 portmanager                                                  info	Activated service 'c2s' on [::]:5222, [*]:5222
2024-06-29 21:46:01 portmanager                                                  info	Activated service 'c2s_direct_tls' on no ports
2024-06-29 21:46:01 portmanager                                                  info	Activated service 'legacy_ssl' on no ports
2024-06-29 21:46:01 metadata.meet.jitsi:room_metadata_component                  info	Starting room metadata for muc.meet.jitsi
2024-06-29 21:46:01 metadata.meet.jitsi:room_metadata_component                  info	No host/component found, will wait for it: muc.meet.jitsi
2024-06-29 21:46:01 metadata.meet.jitsi:room_metadata_component                  info	No host/component found, will wait for it: breakout.meet.jitsi
2024-06-29 21:46:01 metadata.meet.jitsi:tls                                      info	Certificates loaded
2024-06-29 21:46:01 internal-muc.meet.jitsi:tls                                  info	Certificates loaded
2024-06-29 21:46:01 portmanager                                                  info	Activated service 'http' on [::]:5280, [*]:5280
2024-06-29 21:46:01 portmanager                                                  info	Activated service 'https' on no ports
2024-06-29 21:46:01 meet.jitsi:http                                              info	Serving 'bosh' at http://meet.jitsi:5280/http-bind
2024-06-29 21:46:01 meet.jitsi:tls                                               info	Certificates loaded
2024-06-29 21:46:01 meet.jitsi:http                                              info	Serving 'websocket' at http://meet.jitsi:5280/xmpp-websocket
2024-06-29 21:46:01 meet.jitsi:conference_duration                               info	No host/component found, will wait for it: muc.meet.jitsi
2024-06-29 21:46:01 meet.jitsi:room_destroy                                      info	loaded
2024-06-29 21:46:01 meet.jitsi:muc_breakout_rooms                                info	No host/component found, will wait for it: breakout.meet.jitsi
2024-06-29 21:46:01 meet.jitsi:muc_breakout_rooms                                info	No host/component found, will wait for it: muc.meet.jitsi
2024-06-29 21:46:01 meet.jitsi:muc_lobby_rooms                                   info	No host/component found, will wait for it: lobby.meet.jitsi
2024-06-29 21:46:01 meet.jitsi:muc_lobby_rooms                                   info	No host/component found, will wait for it: muc.meet.jitsi
2024-06-29 21:46:01 endconference.meet.jitsi:end_conference                      info	Starting end_conference for muc.meet.jitsi
2024-06-29 21:46:01 endconference.meet.jitsi:tls                                 info	Certificates loaded
2024-06-29 21:46:01 speakerstats.meet.jitsi:speakerstats_component               info	Breakout component loaded breakout.meet.jitsi
2024-06-29 21:46:01 meet.jitsi:muc_breakout_rooms                                info	Breakout rooms component created breakout.meet.jitsi
2024-06-29 21:46:01 meet.jitsi:muc_breakout_rooms                                info	Hook to muc events on breakout.meet.jitsi
2024-06-29 21:46:01 speakerstats.meet.jitsi:speakerstats_component               info	Hook to muc events on breakout.meet.jitsi
2024-06-29 21:46:01 metadata.meet.jitsi:room_metadata_component                  info	Hook to muc events on breakout.meet.jitsi
2024-06-29 21:46:01 breakout.meet.jitsi:tls                                      info	Certificates loaded
2024-06-29 21:46:01 meet.jitsi:muc_lobby_rooms                                   info	Lobby component loaded lobby.meet.jitsi
2024-06-29 21:46:01 lobby.meet.jitsi:tls                                         info	Certificates loaded
2024-06-29 21:46:01 speakerstats.meet.jitsi:speakerstats_component               info	Conference component loaded muc.meet.jitsi
2024-06-29 21:46:01 avmoderation.meet.jitsi:av_moderation_component              info	Hook to muc events on muc.meet.jitsi
2024-06-29 21:46:01 meet.jitsi:muc_breakout_rooms                                info	Hook to muc events on muc.meet.jitsi
2024-06-29 21:46:01 metadata.meet.jitsi:room_metadata_component                  info	Hook to muc events on muc.meet.jitsi
2024-06-29 21:46:01 speakerstats.meet.jitsi:speakerstats_component               info	Hook to muc events on muc.meet.jitsi
2024-06-29 21:46:01 speakerstats.meet.jitsi:speakerstats_component               info	Main muc service table: 0xaaab13b1caa0
2024-06-29 21:46:01 muc.meet.jitsi:tls                                           info	Certificates loaded
2024-06-29 21:46:01 muc.meet.jitsi:muc_domain_mapper                             info	Loading mod_muc_domain_mapper for host avmoderation.meet.jitsi!
2024-06-29 21:46:01 muc.meet.jitsi:muc_domain_mapper                             info	Loading mod_muc_domain_mapper for host conferenceduration.meet.jitsi!
2024-06-29 21:46:01 muc.meet.jitsi:muc_domain_mapper                             info	Loading mod_muc_domain_mapper for host speakerstats.meet.jitsi!
2024-06-29 21:46:01 muc.meet.jitsi:muc_domain_mapper                             info	Loading mod_muc_domain_mapper for host auth.meet.jitsi!
2024-06-29 21:46:01 muc.meet.jitsi:muc_domain_mapper                             info	Loading mod_muc_domain_mapper for host metadata.meet.jitsi!
2024-06-29 21:46:01 muc.meet.jitsi:muc_domain_mapper                             info	Loading mod_muc_domain_mapper for host breakout.meet.jitsi!
2024-06-29 21:46:01 muc.meet.jitsi:muc_domain_mapper                             info	Loading mod_muc_domain_mapper for host internal-muc.meet.jitsi!
2024-06-29 21:46:01 muc.meet.jitsi:muc_domain_mapper                             info	Loading mod_muc_domain_mapper for host meet.jitsi!
2024-06-29 21:46:01 muc.meet.jitsi:muc_domain_mapper                             info	Loading mod_muc_domain_mapper for host endconference.meet.jitsi!
2024-06-29 21:46:01 muc.meet.jitsi:muc_domain_mapper                             info	Loading mod_muc_domain_mapper for host muc.meet.jitsi!
2024-06-29 21:46:01 muc.meet.jitsi:muc_domain_mapper                             info	Loading mod_muc_domain_mapper for host lobby.meet.jitsi!
2024-06-29 21:46:01 muc.meet.jitsi:muc_domain_mapper                             info	Loading mod_muc_domain_mapper for host focus.meet.jitsi!
2024-06-29 21:46:01 focus.meet.jitsi:tls                                         info	Certificates loaded
2024-06-29 21:46:01 c2saaab13d55b30                                              info	Client connected
2024-06-29 21:46:02 c2saaab13d55b30                                              info	Stream encrypted (TLSv1.3 with TLS_AES_256_GCM_SHA384)
2024-06-29 21:46:02 c2saaab13d55b30                                              info	Authenticated as jvb@auth.meet.jitsi
2024-06-29 21:46:02 auth.meet.jitsi:limits_exception                             info	Setting stanza size limits for jvb@auth.meet.jitsi to 10485760
2024-06-29 21:46:06 c2saaab13dd1c80                                              info	Client connected
2024-06-29 21:46:06 c2saaab13dd1c80                                              info	Stream encrypted (TLSv1.3 with TLS_AES_256_GCM_SHA384)
2024-06-29 21:46:06 c2saaab13dd1c80                                              info	Authenticated as focus@auth.meet.jitsi
2024-06-29 21:46:06 auth.meet.jitsi:limits_exception                             info	Setting stanza size limits for focus@auth.meet.jitsi to 10485760
2024-06-29 21:48:50 c2saaab13dd1c80                                              info	Client disconnected: unexpected eof while reading
2024-06-29 21:48:53 c2saaab13d55b30                                              info	Client disconnected: unexpected eof while reading
2024-06-29 21:48:57 mod_posix                                                    warn	Received SIGTERM
2024-06-29 21:48:57 startup                                                      info	Shutting down: Received SIGTERM
2024-06-29 21:48:57 portmanager                                                  info	Deactivated service 'c2s'
2024-06-29 21:48:57 portmanager                                                  info	Deactivated service 'c2s_direct_tls'
2024-06-29 21:48:57 portmanager                                                  info	Deactivated service 'legacy_ssl'
2024-06-29 21:48:57 general                                                      info	Shutting down...
2024-06-29 21:48:57 general                                                      info	Shutdown status: Cleaning up
saslauthd[243] :pid file lock removed: /var/run/saslauthd/saslauthd.pid.lock
saslauthd[265] :child exited: 265
saslauthd[243] :flock file removed: /var/run/saslauthd/cache.flock
saslauthd[243] :cache mmap file removed: /var/run/saslauthd/cache.mmap
saslauthd[243] :accept lock file removed: /var/run/saslauthd/mux.accept
saslauthd[243] :socket removed: /var/run/saslauthd/mux
saslauthd[243] :master exited: 0
saslauthd[243] :child exited: 265
saslauthd[266] :child exited: 266
saslauthd[264] :child exited: 264
saslauthd[263] :child exited: 263
2024-06-29 21:48:57 general                                                      info	Shutdown complete
[cont-finish.d] executing container finish scripts...
[cont-finish.d] done.
[s6-finish] waiting for services.
s6-svwait: fatal: supervisor died
[s6-finish] sending all processes the TERM signal.
[s6-finish] sending all processes the KILL signal and exiting.
[s6-init] making user provided files available at /var/run/s6/etc...exited 0.
[s6-init] ensuring user provided files have correct perms...exited 0.
[fix-attrs.d] applying ownership & permissions fixes...
[fix-attrs.d] done.
[cont-init.d] executing container initialization scripts...
[cont-init.d] 01-set-timezone: executing... 
[cont-init.d] 01-set-timezone: exited 0.
[cont-init.d] 10-config: executing... 
mkdir: cannot create directory '/config/certs': File exists
Prosody normal mode, using default config
The given hostname does not exist in the config
mv: cannot stat '/config/data/*.crt': No such file or directory
mv: cannot stat '/config/data/*.key': No such file or directory
[cont-init.d] 10-config: exited 0.
[cont-init.d] done.
[services.d] starting services
saslauthd[240] :num_procs  : 5
saslauthd[240] :mech_option: /etc/saslauthd.conf
saslauthd[240] :run_path   : /var/run/saslauthd
saslauthd[240] :auth_mech  : ldap
2024-06-29 21:49:13 startup             info	Hello and welcome to Prosody version 0.12.4
saslauthd[240] :mmaped shared memory segment on file: /var/run/saslauthd/cache.mmap
saslauthd[240] :bucket size: 96 bytes
saslauthd[240] :stats size : 36 bytes
saslauthd[240] :timeout    : 28800 seconds
saslauthd[240] :cache table: 985828 total bytes
saslauthd[240] :cache table: 1711 slots
saslauthd[240] :cache table: 10266 buckets
saslauthd[240] :flock file opened at /var/run/saslauthd/cache.flock
saslauthd[240] :using accept lock file: /var/run/saslauthd/mux.accept
saslauthd[240] :master pid is: 0
saslauthd[240] :listening on socket: /var/run/saslauthd/mux
saslauthd[240] :using process model
saslauthd[240] :forked child: 250
saslauthd[250] :acquired accept lock
saslauthd[240] :forked child: 251
saslauthd[240] :forked child: 252
saslauthd[240] :forked child: 253
[services.d] done.
2024-06-29 21:49:13 startup             info	Prosody is using the epoll backend for connection handling
2024-06-29 21:49:13 endconference.meet.jitsi:end_conference  info	Starting end_conference for muc.meet.jitsi
2024-06-29 21:49:13 endconference.meet.jitsi:tls             info	Certificates loaded
2024-06-29 21:49:13 meet.jitsi:room_destroy                  info	loaded
2024-06-29 21:49:13 meet.jitsi:muc_breakout_rooms            info	No host/component found, will wait for it: breakout.meet.jitsi
2024-06-29 21:49:13 meet.jitsi:muc_breakout_rooms            info	No host/component found, will wait for it: muc.meet.jitsi
2024-06-29 21:49:13 meet.jitsi:tls                           info	Certificates loaded
2024-06-29 21:49:13 portmanager                              info	Activated service 'http' on [::]:5280, [*]:5280
2024-06-29 21:49:13 portmanager                              info	Activated service 'https' on no ports
2024-06-29 21:49:13 meet.jitsi:http                          info	Serving 'bosh' at http://meet.jitsi:5280/http-bind
2024-06-29 21:49:13 portmanager                              info	Activated service 'c2s' on [::]:5222, [*]:5222
2024-06-29 21:49:13 portmanager                              info	Activated service 'c2s_direct_tls' on no ports
2024-06-29 21:49:13 portmanager                              info	Activated service 'legacy_ssl' on no ports
2024-06-29 21:49:13 meet.jitsi:http                          info	Serving 'websocket' at http://meet.jitsi:5280/xmpp-websocket
2024-06-29 21:49:13 meet.jitsi:conference_duration           info	No host/component found, will wait for it: muc.meet.jitsi
2024-06-29 21:49:13 meet.jitsi:muc_lobby_rooms               info	No host/component found, will wait for it: lobby.meet.jitsi
2024-06-29 21:49:13 meet.jitsi:muc_lobby_rooms               info	No host/component found, will wait for it: muc.meet.jitsi
2024-06-29 21:49:13 meet.jitsi:muc_lobby_rooms               info	Lobby component loaded lobby.meet.jitsi
2024-06-29 21:49:13 lobby.meet.jitsi:tls                     info	Certificates loaded
2024-06-29 21:49:13 auth.meet.jitsi:tls                      info	Certificates loaded
2024-06-29 21:49:13 focus.meet.jitsi:tls                     info	Certificates loaded
2024-06-29 21:49:13 internal-muc.meet.jitsi:tls              info	Certificates loaded
2024-06-29 21:49:13 meet.jitsi:muc_breakout_rooms            info	Breakout rooms component created breakout.meet.jitsi
2024-06-29 21:49:13 meet.jitsi:muc_breakout_rooms            info	Hook to muc events on breakout.meet.jitsi
2024-06-29 21:49:13 breakout.meet.jitsi:tls                  info	Certificates loaded
2024-06-29 21:49:13 metadata.meet.jitsi:room_metadata_component  info	Starting room metadata for muc.meet.jitsi
2024-06-29 21:49:13 metadata.meet.jitsi:room_metadata_component  info	No host/component found, will wait for it: muc.meet.jitsi
2024-06-29 21:49:13 metadata.meet.jitsi:room_metadata_component  info	Hook to muc events on breakout.meet.jitsi
2024-06-29 21:49:13 metadata.meet.jitsi:tls                      info	Certificates loaded
2024-06-29 21:49:13 avmoderation.meet.jitsi:av_moderation_component  info	Starting av_moderation for muc.meet.jitsi
2024-06-29 21:49:13 avmoderation.meet.jitsi:av_moderation_component  info	No host/component found, will wait for it: muc.meet.jitsi
2024-06-29 21:49:13 avmoderation.meet.jitsi:tls                      info	Certificates loaded
2024-06-29 21:49:13 avmoderation.meet.jitsi:av_moderation_component  info	Hook to muc events on muc.meet.jitsi
2024-06-29 21:49:14 meet.jitsi:muc_breakout_rooms                    info	Hook to muc events on muc.meet.jitsi
2024-06-29 21:49:14 metadata.meet.jitsi:room_metadata_component      info	Hook to muc events on muc.meet.jitsi
2024-06-29 21:49:14 muc.meet.jitsi:tls                               info	Certificates loaded
2024-06-29 21:49:14 muc.meet.jitsi:muc_domain_mapper                 info	Loading mod_muc_domain_mapper for host endconference.meet.jitsi!
2024-06-29 21:49:14 muc.meet.jitsi:muc_domain_mapper                 info	Loading mod_muc_domain_mapper for host meet.jitsi!
2024-06-29 21:49:14 muc.meet.jitsi:muc_domain_mapper                 info	Loading mod_muc_domain_mapper for host lobby.meet.jitsi!
2024-06-29 21:49:14 muc.meet.jitsi:muc_domain_mapper                 info	Loading mod_muc_domain_mapper for host auth.meet.jitsi!
2024-06-29 21:49:14 muc.meet.jitsi:muc_domain_mapper                 info	Loading mod_muc_domain_mapper for host focus.meet.jitsi!
2024-06-29 21:49:14 muc.meet.jitsi:muc_domain_mapper                 info	Loading mod_muc_domain_mapper for host internal-muc.meet.jitsi!
2024-06-29 21:49:14 muc.meet.jitsi:muc_domain_mapper                 info	Loading mod_muc_domain_mapper for host metadata.meet.jitsi!
2024-06-29 21:49:14 muc.meet.jitsi:muc_domain_mapper                 info	Loading mod_muc_domain_mapper for host muc.meet.jitsi!
2024-06-29 21:49:14 muc.meet.jitsi:muc_domain_mapper                 info	Loading mod_muc_domain_mapper for host avmoderation.meet.jitsi!
2024-06-29 21:49:14 muc.meet.jitsi:muc_domain_mapper                 info	Loading mod_muc_domain_mapper for host breakout.meet.jitsi!
2024-06-29 21:49:14 muc.meet.jitsi:muc_domain_mapper                 info	Loading mod_muc_domain_mapper for host speakerstats.meet.jitsi!
2024-06-29 21:49:14 speakerstats.meet.jitsi:speakerstats_component   info	Starting speakerstats for muc.meet.jitsi
2024-06-29 21:49:14 speakerstats.meet.jitsi:speakerstats_component   info	Conference component loaded muc.meet.jitsi
2024-06-29 21:49:14 speakerstats.meet.jitsi:speakerstats_component   info	Hook to muc events on muc.meet.jitsi
2024-06-29 21:49:14 speakerstats.meet.jitsi:speakerstats_component   info	Main muc service table: 0xaaaad147c210
2024-06-29 21:49:14 speakerstats.meet.jitsi:speakerstats_component   info	Breakout component loaded breakout.meet.jitsi
2024-06-29 21:49:14 speakerstats.meet.jitsi:speakerstats_component   info	Hook to muc events on breakout.meet.jitsi
2024-06-29 21:49:14 speakerstats.meet.jitsi:tls                      info	Certificates loaded
2024-06-29 21:49:14 muc.meet.jitsi:muc_domain_mapper                 info	Loading mod_muc_domain_mapper for host conferenceduration.meet.jitsi!
2024-06-29 21:49:14 conferenceduration.meet.jitsi:conference_duration_component  info	Starting conference duration timer for muc.meet.jitsi
2024-06-29 21:49:14 conferenceduration.meet.jitsi:tls                            info	Certificates loaded
2024-06-29 21:49:14 c2saaaad1747390                                              info	Client connected
2024-06-29 21:49:14 c2saaaad1747390                                              info	Stream encrypted (TLSv1.3 with TLS_AES_256_GCM_SHA384)
2024-06-29 21:49:14 c2saaaad1747390                                              info	Authenticated as focus@auth.meet.jitsi
2024-06-29 21:49:14 auth.meet.jitsi:limits_exception                             info	Setting stanza size limits for focus@auth.meet.jitsi to 10485760
2024-06-29 21:49:14 c2saaaad17943e0                                              info	Client connected
2024-06-29 21:49:15 c2saaaad17943e0                                              info	Stream encrypted (TLSv1.3 with TLS_AES_256_GCM_SHA384)
2024-06-29 21:49:15 c2saaaad17943e0                                              info	Authenticated as jvb@auth.meet.jitsi
2024-06-29 21:49:15 auth.meet.jitsi:limits_exception                             info	Setting stanza size limits for jvb@auth.meet.jitsi to 10485760
2024-06-29 21:52:10 c2saaaad1747390                                              info	Client disconnected: unexpected eof while reading
2024-06-29 21:52:13 c2saaaad17943e0                                              info	Client disconnected: unexpected eof while reading
saslauthd[240] :pid file lock removed: /var/run/saslauthd/saslauthd.pid.lock
saslauthd[252] :child exited: 252
saslauthd[240] :flock file removed: /var/run/saslauthd/cache.flock
saslauthd[240] :cache mmap file removed: /var/run/saslauthd/cache.mmap
saslauthd[240] :accept lock file removed: /var/run/saslauthd/mux.accept
saslauthd[240] :socket removed: /var/run/saslauthd/mux
saslauthd[240] :master exited: 0
saslauthd[251] :child exited: 251
saslauthd[250] :child exited: 250
saslauthd[253] :child exited: 253
[cont-finish.d] executing container finish scripts...
2024-06-29 21:52:17 mod_posix                                                    warn	Received SIGTERM
2024-06-29 21:52:17 startup                                                      info	Shutting down: Received SIGTERM
2024-06-29 21:52:17 portmanager                                                  info	Deactivated service 'c2s'
2024-06-29 21:52:17 portmanager                                                  info	Deactivated service 'c2s_direct_tls'
2024-06-29 21:52:17 portmanager                                                  info	Deactivated service 'legacy_ssl'
2024-06-29 21:52:17 general                                                      info	Shutting down...
2024-06-29 21:52:17 general                                                      info	Shutdown status: Cleaning up
[cont-finish.d] done.
[s6-finish] waiting for services.
2024-06-29 21:52:17 general                                                      info	Shutdown complete
[s6-finish] sending all processes the TERM signal.
[s6-finish] sending all processes the KILL signal and exiting.
[s6-init] making user provided files available at /var/run/s6/etc...exited 0.
[s6-init] ensuring user provided files have correct perms...exited 0.
[fix-attrs.d] applying ownership & permissions fixes...
[fix-attrs.d] done.
[cont-init.d] executing container initialization scripts...
[cont-init.d] 01-set-timezone: executing... 
[cont-init.d] 01-set-timezone: exited 0.
[cont-init.d] 10-config: executing... 
mkdir: cannot create directory '/config/certs': File exists
Prosody normal mode, using default config
The given hostname does not exist in the config
mv: cannot stat '/config/data/*.crt': No such file or directory
mv: cannot stat '/config/data/*.key': No such file or directory
[cont-init.d] 10-config: exited 0.
[cont-init.d] done.
[services.d] starting services
saslauthd[243] :num_procs  : 5
saslauthd[243] :mech_option: /etc/saslauthd.conf
saslauthd[243] :run_path   : /var/run/saslauthd
saslauthd[243] :auth_mech  : ldap
saslauthd[243] :mmaped shared memory segment on file: /var/run/saslauthd/cache.mmap
saslauthd[243] :bucket size: 96 bytes
saslauthd[243] :stats size : 36 bytes
saslauthd[243] :timeout    : 28800 seconds
saslauthd[243] :cache table: 985828 total bytes
saslauthd[243] :cache table: 1711 slots
saslauthd[243] :cache table: 10266 buckets
saslauthd[243] :flock file opened at /var/run/saslauthd/cache.flock
saslauthd[243] :using accept lock file: /var/run/saslauthd/mux.accept
saslauthd[243] :master pid is: 0
saslauthd[243] :listening on socket: /var/run/saslauthd/mux
saslauthd[243] :using process model
saslauthd[243] :forked child: 254
saslauthd[243] :forked child: 255
saslauthd[243] :forked child: 256
saslauthd[243] :forked child: 257
saslauthd[243] :acquired accept lock
2024-06-29 21:52:31 startup             info	Hello and welcome to Prosody version 0.12.4
[services.d] done.
2024-06-29 21:52:31 startup             info	Prosody is using the epoll backend for connection handling
2024-06-29 21:52:31 muc.meet.jitsi:tls  info	Certificates loaded
2024-06-29 21:52:31 muc.meet.jitsi:muc_domain_mapper  info	Loading mod_muc_domain_mapper for host muc.meet.jitsi!
2024-06-29 21:52:31 muc.meet.jitsi:muc_domain_mapper  info	Loading mod_muc_domain_mapper for host meet.jitsi!
2024-06-29 21:52:31 portmanager                       info	Activated service 'c2s' on [::]:5222, [*]:5222
2024-06-29 21:52:31 portmanager                       info	Activated service 'c2s_direct_tls' on no ports
2024-06-29 21:52:31 portmanager                       info	Activated service 'legacy_ssl' on no ports
2024-06-29 21:52:31 portmanager                       info	Activated service 'http' on [::]:5280, [*]:5280
2024-06-29 21:52:31 portmanager                       info	Activated service 'https' on no ports
2024-06-29 21:52:31 meet.jitsi:http                   info	Serving 'bosh' at http://meet.jitsi:5280/http-bind
2024-06-29 21:52:31 meet.jitsi:muc_lobby_rooms        info	No host/component found, will wait for it: lobby.meet.jitsi
2024-06-29 21:52:31 meet.jitsi:tls                    info	Certificates loaded
2024-06-29 21:52:31 meet.jitsi:room_destroy           info	loaded
2024-06-29 21:52:31 meet.jitsi:muc_breakout_rooms     info	No host/component found, will wait for it: breakout.meet.jitsi
2024-06-29 21:52:31 meet.jitsi:muc_breakout_rooms     info	Hook to muc events on muc.meet.jitsi
2024-06-29 21:52:31 meet.jitsi:http                   info	Serving 'websocket' at http://meet.jitsi:5280/xmpp-websocket
2024-06-29 21:52:31 muc.meet.jitsi:muc_domain_mapper  info	Loading mod_muc_domain_mapper for host conferenceduration.meet.jitsi!
2024-06-29 21:52:31 conferenceduration.meet.jitsi:conference_duration_component  info	Starting conference duration timer for muc.meet.jitsi
2024-06-29 21:52:31 conferenceduration.meet.jitsi:tls                            info	Certificates loaded
2024-06-29 21:52:31 muc.meet.jitsi:muc_domain_mapper                             info	Loading mod_muc_domain_mapper for host breakout.meet.jitsi!
2024-06-29 21:52:31 breakout.meet.jitsi:tls                                      info	Certificates loaded
2024-06-29 21:52:31 meet.jitsi:muc_breakout_rooms                                info	Breakout rooms component created breakout.meet.jitsi
2024-06-29 21:52:31 meet.jitsi:muc_breakout_rooms                                info	Hook to muc events on breakout.meet.jitsi
2024-06-29 21:52:31 muc.meet.jitsi:muc_domain_mapper                             info	Loading mod_muc_domain_mapper for host speakerstats.meet.jitsi!
2024-06-29 21:52:31 speakerstats.meet.jitsi:speakerstats_component               info	Starting speakerstats for muc.meet.jitsi
2024-06-29 21:52:31 speakerstats.meet.jitsi:speakerstats_component               info	Conference component loaded muc.meet.jitsi
2024-06-29 21:52:31 speakerstats.meet.jitsi:speakerstats_component               info	Hook to muc events on muc.meet.jitsi
2024-06-29 21:52:31 speakerstats.meet.jitsi:speakerstats_component               info	Main muc service table: 0xaaaae21b7b10
2024-06-29 21:52:31 speakerstats.meet.jitsi:speakerstats_component               info	Breakout component loaded breakout.meet.jitsi
2024-06-29 21:52:31 speakerstats.meet.jitsi:speakerstats_component               info	Hook to muc events on breakout.meet.jitsi
2024-06-29 21:52:31 speakerstats.meet.jitsi:tls                                  info	Certificates loaded
2024-06-29 21:52:31 muc.meet.jitsi:muc_domain_mapper                             info	Loading mod_muc_domain_mapper for host metadata.meet.jitsi!
2024-06-29 21:52:31 metadata.meet.jitsi:room_metadata_component                  info	Starting room metadata for muc.meet.jitsi
2024-06-29 21:52:31 metadata.meet.jitsi:room_metadata_component                  info	Hook to muc events on muc.meet.jitsi
2024-06-29 21:52:31 metadata.meet.jitsi:room_metadata_component                  info	Hook to muc events on breakout.meet.jitsi
2024-06-29 21:52:31 metadata.meet.jitsi:tls                                      info	Certificates loaded
2024-06-29 21:52:31 muc.meet.jitsi:muc_domain_mapper                             info	Loading mod_muc_domain_mapper for host auth.meet.jitsi!
2024-06-29 21:52:32 auth.meet.jitsi:tls                                          info	Certificates loaded
2024-06-29 21:52:32 muc.meet.jitsi:muc_domain_mapper                             info	Loading mod_muc_domain_mapper for host focus.meet.jitsi!
2024-06-29 21:52:32 focus.meet.jitsi:tls                                         info	Certificates loaded
2024-06-29 21:52:32 muc.meet.jitsi:muc_domain_mapper                             info	Loading mod_muc_domain_mapper for host avmoderation.meet.jitsi!
2024-06-29 21:52:32 avmoderation.meet.jitsi:av_moderation_component              info	Starting av_moderation for muc.meet.jitsi
2024-06-29 21:52:32 avmoderation.meet.jitsi:av_moderation_component              info	Hook to muc events on muc.meet.jitsi
2024-06-29 21:52:32 avmoderation.meet.jitsi:tls                                  info	Certificates loaded
2024-06-29 21:52:32 muc.meet.jitsi:muc_domain_mapper                             info	Loading mod_muc_domain_mapper for host lobby.meet.jitsi!
2024-06-29 21:52:32 meet.jitsi:muc_lobby_rooms                                   info	Lobby component loaded lobby.meet.jitsi
2024-06-29 21:52:32 lobby.meet.jitsi:tls                                         info	Certificates loaded
2024-06-29 21:52:32 muc.meet.jitsi:muc_domain_mapper                             info	Loading mod_muc_domain_mapper for host endconference.meet.jitsi!
2024-06-29 21:52:32 endconference.meet.jitsi:end_conference                      info	Starting end_conference for muc.meet.jitsi
2024-06-29 21:52:32 endconference.meet.jitsi:tls                                 info	Certificates loaded
2024-06-29 21:52:32 muc.meet.jitsi:muc_domain_mapper                             info	Loading mod_muc_domain_mapper for host internal-muc.meet.jitsi!
2024-06-29 21:52:32 internal-muc.meet.jitsi:tls                                  info	Certificates loaded
2024-06-29 21:52:32 c2saaaae2a836a0                                              info	Client connected
2024-06-29 21:52:32 c2saaaae2a836a0                                              info	Stream encrypted (TLSv1.3 with TLS_AES_256_GCM_SHA384)
2024-06-29 21:52:32 c2saaaae2a836a0                                              info	Authenticated as focus@auth.meet.jitsi
2024-06-29 21:52:32 auth.meet.jitsi:limits_exception                             info	Setting stanza size limits for focus@auth.meet.jitsi to 10485760
2024-06-29 21:52:33 c2saaaae2ad01d0                                              info	Client connected
2024-06-29 21:52:33 c2saaaae2ad01d0                                              info	Stream encrypted (TLSv1.3 with TLS_AES_256_GCM_SHA384)
2024-06-29 21:52:33 c2saaaae2ad01d0                                              info	Authenticated as jvb@auth.meet.jitsi
2024-06-29 21:52:33 auth.meet.jitsi:limits_exception                             info	Setting stanza size limits for jvb@auth.meet.jitsi to 10485760
2024-06-29 21:54:58 c2saaaae2a836a0                                              info	Client disconnected: connection closed
2024-06-29 21:55:01 c2saaaae2ad01d0                                              info	Client disconnected: unexpected eof while reading
2024-06-29 21:55:05 mod_posix                                                    warn	Received SIGTERM
2024-06-29 21:55:05 startup                                                      info	Shutting down: Received SIGTERM
2024-06-29 21:55:05 portmanager                                                  info	Deactivated service 'c2s'
2024-06-29 21:55:05 portmanager                                                  info	Deactivated service 'c2s_direct_tls'
2024-06-29 21:55:05 portmanager                                                  info	Deactivated service 'legacy_ssl'
saslauthd[243] :pid file lock removed: /var/run/saslauthd/saslauthd.pid.lock
saslauthd[243] :flock file removed: /var/run/saslauthd/cache.flock
saslauthd[256] :child exited: 256
saslauthd[243] :cache mmap file removed: /var/run/saslauthd/cache.mmap
saslauthd[243] :accept lock file removed: /var/run/saslauthd/mux.accept
saslauthd[243] :socket removed: /var/run/saslauthd/mux
saslauthd[243] :master exited: 0
saslauthd[257] :child exited: 257
saslauthd[255] :child exited: 255
saslauthd[254] :child exited: 254
2024-06-29 21:55:05 general                                                      info	Shutting down...
2024-06-29 21:55:05 general                                                      info	Shutdown status: Cleaning up
2024-06-29 21:55:05 general                                                      info	Shutdown complete
[cont-finish.d] executing container finish scripts...
[cont-finish.d] done.
[s6-finish] waiting for services.
[s6-finish] sending all processes the TERM signal.
[s6-finish] sending all processes the KILL signal and exiting.
[s6-init] making user provided files available at /var/run/s6/etc...exited 0.
[s6-init] ensuring user provided files have correct perms...exited 0.
[fix-attrs.d] applying ownership & permissions fixes...
[fix-attrs.d] done.
[cont-init.d] executing container initialization scripts...
[cont-init.d] 01-set-timezone: executing... 
[cont-init.d] 01-set-timezone: exited 0.
[cont-init.d] 10-config: executing... 
mkdir: cannot create directory '/config/certs': File exists
Prosody normal mode, using default config
The given hostname does not exist in the config
mv: cannot stat '/config/data/*.crt': No such file or directory
mv: cannot stat '/config/data/*.key': No such file or directory
[cont-init.d] 10-config: exited 0.
[cont-init.d] done.
[services.d] starting services
saslauthd[241] :num_procs  : 5
saslauthd[241] :mech_option: /etc/saslauthd.conf
saslauthd[241] :run_path   : /var/run/saslauthd
saslauthd[241] :auth_mech  : ldap
saslauthd[241] :mmaped shared memory segment on file: /var/run/saslauthd/cache.mmap
saslauthd[241] :bucket size: 96 bytes
saslauthd[241] :stats size : 36 bytes
saslauthd[241] :timeout    : 28800 seconds
saslauthd[241] :cache table: 985828 total bytes
saslauthd[241] :cache table: 1711 slots
saslauthd[241] :cache table: 10266 buckets
saslauthd[241] :flock file opened at /var/run/saslauthd/cache.flock
saslauthd[241] :using accept lock file: /var/run/saslauthd/mux.accept
saslauthd[241] :master pid is: 0
saslauthd[241] :listening on socket: /var/run/saslauthd/mux
saslauthd[241] :using process model
saslauthd[241] :forked child: 250
saslauthd[241] :forked child: 251
saslauthd[241] :forked child: 252
saslauthd[241] :forked child: 254
saslauthd[241] :acquired accept lock
[services.d] done.
2024-06-29 21:55:26 startup             info	Hello and welcome to Prosody version 0.12.4
2024-06-29 21:55:26 startup             info	Prosody is using the epoll backend for connection handling
2024-06-29 21:55:26 internal-muc.meet.jitsi:tls  info	Certificates loaded
2024-06-29 21:55:27 portmanager                  info	Activated service 'c2s' on [::]:5222, [*]:5222
2024-06-29 21:55:27 portmanager                  info	Activated service 'c2s_direct_tls' on no ports
2024-06-29 21:55:27 portmanager                  info	Activated service 'legacy_ssl' on no ports
2024-06-29 21:55:27 portmanager                  info	Activated service 'http' on [::]:5280, [*]:5280
2024-06-29 21:55:27 portmanager                  info	Activated service 'https' on no ports
2024-06-29 21:55:27 meet.jitsi:http              info	Serving 'websocket' at http://meet.jitsi:5280/xmpp-websocket
2024-06-29 21:55:27 meet.jitsi:http              info	Serving 'bosh' at http://meet.jitsi:5280/http-bind
2024-06-29 21:55:27 meet.jitsi:conference_duration  info	No host/component found, will wait for it: muc.meet.jitsi
2024-06-29 21:55:27 meet.jitsi:room_destroy         info	loaded
2024-06-29 21:55:27 meet.jitsi:muc_breakout_rooms   info	No host/component found, will wait for it: breakout.meet.jitsi
2024-06-29 21:55:27 meet.jitsi:muc_breakout_rooms   info	No host/component found, will wait for it: muc.meet.jitsi
2024-06-29 21:55:27 meet.jitsi:tls                  info	Certificates loaded
2024-06-29 21:55:27 meet.jitsi:muc_lobby_rooms      info	No host/component found, will wait for it: lobby.meet.jitsi
2024-06-29 21:55:27 meet.jitsi:muc_lobby_rooms      info	No host/component found, will wait for it: muc.meet.jitsi
2024-06-29 21:55:27 focus.meet.jitsi:tls            info	Certificates loaded
2024-06-29 21:55:27 conferenceduration.meet.jitsi:conference_duration_component  info	Starting conference duration timer for muc.meet.jitsi
2024-06-29 21:55:27 conferenceduration.meet.jitsi:conference_duration_component  info	No host/component found, will wait for it: muc.meet.jitsi
2024-06-29 21:55:27 conferenceduration.meet.jitsi:tls                            info	Certificates loaded
2024-06-29 21:55:27 auth.meet.jitsi:tls                                          info	Certificates loaded
2024-06-29 21:55:27 metadata.meet.jitsi:room_metadata_component                  info	Starting room metadata for muc.meet.jitsi
2024-06-29 21:55:27 metadata.meet.jitsi:room_metadata_component                  info	No host/component found, will wait for it: muc.meet.jitsi
2024-06-29 21:55:27 metadata.meet.jitsi:room_metadata_component                  info	No host/component found, will wait for it: breakout.meet.jitsi
2024-06-29 21:55:27 metadata.meet.jitsi:tls                                      info	Certificates loaded
2024-06-29 21:55:27 endconference.meet.jitsi:end_conference                      info	Starting end_conference for muc.meet.jitsi
2024-06-29 21:55:27 endconference.meet.jitsi:tls                                 info	Certificates loaded
2024-06-29 21:55:27 meet.jitsi:muc_lobby_rooms                                   info	Lobby component loaded lobby.meet.jitsi
2024-06-29 21:55:27 lobby.meet.jitsi:tls                                         info	Certificates loaded
2024-06-29 21:55:27 avmoderation.meet.jitsi:av_moderation_component              info	Starting av_moderation for muc.meet.jitsi
2024-06-29 21:55:27 avmoderation.meet.jitsi:av_moderation_component              info	No host/component found, will wait for it: muc.meet.jitsi
2024-06-29 21:55:27 avmoderation.meet.jitsi:tls                                  info	Certificates loaded
2024-06-29 21:55:27 meet.jitsi:muc_breakout_rooms                                info	Breakout rooms component created breakout.meet.jitsi
2024-06-29 21:55:27 metadata.meet.jitsi:room_metadata_component                  info	Hook to muc events on breakout.meet.jitsi
2024-06-29 21:55:27 meet.jitsi:muc_breakout_rooms                                info	Hook to muc events on breakout.meet.jitsi
2024-06-29 21:55:27 breakout.meet.jitsi:tls                                      info	Certificates loaded
2024-06-29 21:55:27 avmoderation.meet.jitsi:av_moderation_component              info	Hook to muc events on muc.meet.jitsi
2024-06-29 21:55:27 metadata.meet.jitsi:room_metadata_component                  info	Hook to muc events on muc.meet.jitsi
2024-06-29 21:55:27 meet.jitsi:muc_breakout_rooms                                info	Hook to muc events on muc.meet.jitsi
2024-06-29 21:55:27 muc.meet.jitsi:tls                                           info	Certificates loaded
2024-06-29 21:55:27 muc.meet.jitsi:muc_domain_mapper                             info	Loading mod_muc_domain_mapper for host internal-muc.meet.jitsi!
2024-06-29 21:55:27 muc.meet.jitsi:muc_domain_mapper                             info	Loading mod_muc_domain_mapper for host meet.jitsi!
2024-06-29 21:55:27 muc.meet.jitsi:muc_domain_mapper                             info	Loading mod_muc_domain_mapper for host focus.meet.jitsi!
2024-06-29 21:55:27 muc.meet.jitsi:muc_domain_mapper                             info	Loading mod_muc_domain_mapper for host conferenceduration.meet.jitsi!
2024-06-29 21:55:27 muc.meet.jitsi:muc_domain_mapper                             info	Loading mod_muc_domain_mapper for host lobby.meet.jitsi!
2024-06-29 21:55:27 muc.meet.jitsi:muc_domain_mapper                             info	Loading mod_muc_domain_mapper for host metadata.meet.jitsi!
2024-06-29 21:55:27 muc.meet.jitsi:muc_domain_mapper                             info	Loading mod_muc_domain_mapper for host avmoderation.meet.jitsi!
2024-06-29 21:55:27 muc.meet.jitsi:muc_domain_mapper                             info	Loading mod_muc_domain_mapper for host breakout.meet.jitsi!
2024-06-29 21:55:27 muc.meet.jitsi:muc_domain_mapper                             info	Loading mod_muc_domain_mapper for host muc.meet.jitsi!
2024-06-29 21:55:27 muc.meet.jitsi:muc_domain_mapper                             info	Loading mod_muc_domain_mapper for host endconference.meet.jitsi!
2024-06-29 21:55:27 muc.meet.jitsi:muc_domain_mapper                             info	Loading mod_muc_domain_mapper for host auth.meet.jitsi!
2024-06-29 21:55:27 speakerstats.meet.jitsi:speakerstats_component               info	Starting speakerstats for muc.meet.jitsi
2024-06-29 21:55:27 speakerstats.meet.jitsi:speakerstats_component               info	Conference component loaded muc.meet.jitsi
2024-06-29 21:55:27 speakerstats.meet.jitsi:speakerstats_component               info	Hook to muc events on muc.meet.jitsi
2024-06-29 21:55:27 speakerstats.meet.jitsi:speakerstats_component               info	Main muc service table: 0xaaaadb2c5300
2024-06-29 21:55:27 speakerstats.meet.jitsi:speakerstats_component               info	Breakout component loaded breakout.meet.jitsi
2024-06-29 21:55:27 speakerstats.meet.jitsi:speakerstats_component               info	Hook to muc events on breakout.meet.jitsi
2024-06-29 21:55:27 speakerstats.meet.jitsi:tls                                  info	Certificates loaded
2024-06-29 21:55:27 muc.meet.jitsi:muc_domain_mapper                             info	Loading mod_muc_domain_mapper for host speakerstats.meet.jitsi!
2024-06-29 21:55:28 c2saaaadb51bf90                                              info	Client connected
2024-06-29 21:55:28 c2saaaadb51bf90                                              info	Stream encrypted (TLSv1.3 with TLS_AES_256_GCM_SHA384)
2024-06-29 21:55:28 c2saaaadb52b300                                              info	Client connected
2024-06-29 21:55:28 c2saaaadb51bf90                                              info	Authenticated as focus@auth.meet.jitsi
2024-06-29 21:55:28 auth.meet.jitsi:limits_exception                             info	Setting stanza size limits for focus@auth.meet.jitsi to 10485760
2024-06-29 21:55:28 c2saaaadb52b300                                              info	Stream encrypted (TLSv1.3 with TLS_AES_256_GCM_SHA384)
2024-06-29 21:55:28 c2saaaadb52b300                                              info	Authenticated as jvb@auth.meet.jitsi
2024-06-29 21:55:28 auth.meet.jitsi:limits_exception                             info	Setting stanza size limits for jvb@auth.meet.jitsi to 10485760
